{
  "C:\\Users\\hellich\\Desktop\\Yntra_Plattform\\src\\features\\messages\\utils\\messageTransformers.ts": {
    "path": "C:\\Users\\hellich\\Desktop\\Yntra_Plattform\\src\\features\\messages\\utils\\messageTransformers.ts",
    "statementMap": {
      "0": { "start": { "line": 10, "column": 33 }, "end": { "line": 47, "column": null } },
      "1": { "start": { "line": 16, "column": 2 }, "end": { "line": 46, "column": null } },
      "2": { "start": { "line": 17, "column": 17 }, "end": { "line": 17, "column": null } },
      "3": { "start": { "line": 18, "column": 4 }, "end": { "line": 25, "column": null } },
      "4": { "start": { "line": 19, "column": 6 }, "end": { "line": 19, "column": null } },
      "5": { "start": { "line": 19, "column": 34 }, "end": { "line": 19, "column": 62 } },
      "6": { "start": { "line": 20, "column": 4 }, "end": { "line": 25, "column": null } },
      "7": { "start": { "line": 21, "column": 6 }, "end": { "line": 21, "column": null } },
      "8": { "start": { "line": 23, "column": 23 }, "end": { "line": 23, "column": null } },
      "9": { "start": { "line": 24, "column": 6 }, "end": { "line": 24, "column": null } },
      "10": { "start": { "line": 27, "column": 21 }, "end": { "line": 27, "column": null } },
      "11": { "start": { "line": 28, "column": 23 }, "end": { "line": 28, "column": null } },
      "12": { "start": { "line": 30, "column": 4 }, "end": { "line": 45, "column": null } }
    },
    "fnMap": {
      "0": {
        "name": "(anonymous_0)",
        "decl": { "start": { "line": 10, "column": 33 }, "end": { "line": 10, "column": null } },
        "loc": { "start": { "line": 15, "column": 25 }, "end": { "line": 47, "column": null } },
        "line": 15
      },
      "1": {
        "name": "(anonymous_1)",
        "decl": { "start": { "line": 16, "column": 25 }, "end": { "line": 16, "column": 26 } },
        "loc": { "start": { "line": 16, "column": 32 }, "end": { "line": 46, "column": 3 } },
        "line": 16
      },
      "2": {
        "name": "(anonymous_2)",
        "decl": { "start": { "line": 19, "column": 26 }, "end": { "line": 19, "column": 34 } },
        "loc": { "start": { "line": 19, "column": 34 }, "end": { "line": 19, "column": 62 } },
        "line": 19
      }
    },
    "branchMap": {
      "0": {
        "loc": { "start": { "line": 18, "column": 4 }, "end": { "line": 25, "column": null } },
        "type": "if",
        "locations": [
          { "start": { "line": 18, "column": 4 }, "end": { "line": 25, "column": null } },
          { "start": { "line": 20, "column": 4 }, "end": { "line": 25, "column": null } }
        ],
        "line": 18
      },
      "1": {
        "loc": { "start": { "line": 19, "column": 15 }, "end": { "line": 19, "column": null } },
        "type": "binary-expr",
        "locations": [
          { "start": { "line": 19, "column": 15 }, "end": { "line": 19, "column": 73 } },
          { "start": { "line": 19, "column": 73 }, "end": { "line": 19, "column": null } }
        ],
        "line": 19
      },
      "2": {
        "loc": { "start": { "line": 20, "column": 4 }, "end": { "line": 25, "column": null } },
        "type": "if",
        "locations": [
          { "start": { "line": 20, "column": 4 }, "end": { "line": 25, "column": null } },
          { "start": { "line": 22, "column": 11 }, "end": { "line": 25, "column": null } }
        ],
        "line": 20
      },
      "3": {
        "loc": { "start": { "line": 23, "column": 23 }, "end": { "line": 23, "column": null } },
        "type": "cond-expr",
        "locations": [
          { "start": { "line": 23, "column": 51 }, "end": { "line": 23, "column": 67 } },
          { "start": { "line": 23, "column": 67 }, "end": { "line": 23, "column": null } }
        ],
        "line": 23
      },
      "4": {
        "loc": { "start": { "line": 24, "column": 15 }, "end": { "line": 24, "column": null } },
        "type": "cond-expr",
        "locations": [
          { "start": { "line": 24, "column": 27 }, "end": { "line": 24, "column": 94 } },
          { "start": { "line": 24, "column": 94 }, "end": { "line": 24, "column": null } }
        ],
        "line": 24
      },
      "5": {
        "loc": { "start": { "line": 24, "column": 27 }, "end": { "line": 24, "column": 94 } },
        "type": "binary-expr",
        "locations": [
          { "start": { "line": 24, "column": 27 }, "end": { "line": 24, "column": 49 } },
          { "start": { "line": 24, "column": 49 }, "end": { "line": 24, "column": 67 } },
          { "start": { "line": 24, "column": 67 }, "end": { "line": 24, "column": 94 } }
        ],
        "line": 24
      },
      "6": {
        "loc": { "start": { "line": 27, "column": 21 }, "end": { "line": 27, "column": null } },
        "type": "cond-expr",
        "locations": [
          { "start": { "line": 27, "column": 47 }, "end": { "line": 27, "column": 61 } },
          { "start": { "line": 27, "column": 61 }, "end": { "line": 27, "column": null } }
        ],
        "line": 27
      },
      "7": {
        "loc": { "start": { "line": 28, "column": 23 }, "end": { "line": 28, "column": null } },
        "type": "cond-expr",
        "locations": [
          { "start": { "line": 28, "column": 35 }, "end": { "line": 28, "column": 99 } },
          { "start": { "line": 28, "column": 99 }, "end": { "line": 28, "column": null } }
        ],
        "line": 28
      },
      "8": {
        "loc": { "start": { "line": 28, "column": 35 }, "end": { "line": 28, "column": 99 } },
        "type": "binary-expr",
        "locations": [
          { "start": { "line": 28, "column": 35 }, "end": { "line": 28, "column": 57 } },
          { "start": { "line": 28, "column": 57 }, "end": { "line": 28, "column": 75 } },
          { "start": { "line": 28, "column": 75 }, "end": { "line": 28, "column": 99 } }
        ],
        "line": 28
      },
      "9": {
        "loc": { "start": { "line": 33, "column": 19 }, "end": { "line": 33, "column": null } },
        "type": "binary-expr",
        "locations": [
          { "start": { "line": 33, "column": 19 }, "end": { "line": 33, "column": 36 } },
          { "start": { "line": 33, "column": 36 }, "end": { "line": 33, "column": null } }
        ],
        "line": 33
      },
      "10": {
        "loc": { "start": { "line": 34, "column": 22 }, "end": { "line": 34, "column": null } },
        "type": "binary-expr",
        "locations": [
          { "start": { "line": 34, "column": 22 }, "end": { "line": 34, "column": 42 } },
          { "start": { "line": 34, "column": 42 }, "end": { "line": 34, "column": null } }
        ],
        "line": 34
      },
      "11": {
        "loc": { "start": { "line": 35, "column": 16 }, "end": { "line": 35, "column": null } },
        "type": "cond-expr",
        "locations": [
          { "start": { "line": 35, "column": 43 }, "end": { "line": 35, "column": 52 } },
          { "start": { "line": 35, "column": 52 }, "end": { "line": 35, "column": null } }
        ],
        "line": 35
      },
      "12": {
        "loc": { "start": { "line": 39, "column": 15 }, "end": { "line": 39, "column": null } },
        "type": "binary-expr",
        "locations": [
          { "start": { "line": 39, "column": 15 }, "end": { "line": 39, "column": 28 } },
          { "start": { "line": 39, "column": 28 }, "end": { "line": 39, "column": null } }
        ],
        "line": 39
      },
      "13": {
        "loc": { "start": { "line": 40, "column": 15 }, "end": { "line": 40, "column": null } },
        "type": "cond-expr",
        "locations": [
          { "start": { "line": 40, "column": 24 }, "end": { "line": 40, "column": 58 } },
          { "start": { "line": 40, "column": 58 }, "end": { "line": 40, "column": null } }
        ],
        "line": 40
      }
    },
    "s": {
      "0": 1,
      "1": 4,
      "2": 4,
      "3": 4,
      "4": 1,
      "5": 1,
      "6": 3,
      "7": 2,
      "8": 1,
      "9": 1,
      "10": 4,
      "11": 4,
      "12": 4
    },
    "f": { "0": 4, "1": 4, "2": 1 },
    "b": {
      "0": [1, 3],
      "1": [1, 0],
      "2": [2, 1],
      "3": [0, 1],
      "4": [1, 0],
      "5": [1, 0, 0],
      "6": [0, 4],
      "7": [4, 0],
      "8": [4, 0, 0],
      "9": [4, 1],
      "10": [4, 3],
      "11": [1, 3],
      "12": [4, 1],
      "13": [3, 1]
    },
    "meta": {
      "lastBranch": 14,
      "lastFunction": 3,
      "lastStatement": 13,
      "seen": {
        "s:10:33:47:Infinity": 0,
        "f:10:33:10:Infinity": 0,
        "s:16:2:46:Infinity": 1,
        "f:16:25:16:26": 1,
        "s:17:17:17:Infinity": 2,
        "b:18:4:25:Infinity:20:4:25:Infinity": 0,
        "s:18:4:25:Infinity": 3,
        "s:19:6:19:Infinity": 4,
        "b:19:15:19:73:19:73:19:Infinity": 1,
        "f:19:26:19:34": 2,
        "s:19:34:19:62": 5,
        "b:20:4:25:Infinity:22:11:25:Infinity": 2,
        "s:20:4:25:Infinity": 6,
        "s:21:6:21:Infinity": 7,
        "s:23:23:23:Infinity": 8,
        "b:23:51:23:67:23:67:23:Infinity": 3,
        "s:24:6:24:Infinity": 9,
        "b:24:27:24:94:24:94:24:Infinity": 4,
        "b:24:27:24:49:24:49:24:67:24:67:24:94": 5,
        "s:27:21:27:Infinity": 10,
        "b:27:47:27:61:27:61:27:Infinity": 6,
        "s:28:23:28:Infinity": 11,
        "b:28:35:28:99:28:99:28:Infinity": 7,
        "b:28:35:28:57:28:57:28:75:28:75:28:99": 8,
        "s:30:4:45:Infinity": 12,
        "b:33:19:33:36:33:36:33:Infinity": 9,
        "b:34:22:34:42:34:42:34:Infinity": 10,
        "b:35:43:35:52:35:52:35:Infinity": 11,
        "b:39:15:39:28:39:28:39:Infinity": 12,
        "b:40:24:40:58:40:58:40:Infinity": 13
      }
    }
  },
  "C:\\Users\\hellich\\Desktop\\Yntra_Plattform\\src\\hooks\\useTeamPermissions.ts": {
    "path": "C:\\Users\\hellich\\Desktop\\Yntra_Plattform\\src\\hooks\\useTeamPermissions.ts",
    "statementMap": {
      "0": { "start": { "line": 12, "column": 45 }, "end": { "line": 17, "column": null } },
      "1": { "start": { "line": 19, "column": 42 }, "end": { "line": 24, "column": null } },
      "2": { "start": { "line": 26, "column": 34 }, "end": { "line": 92, "column": null } },
      "3": { "start": { "line": 27, "column": 15 }, "end": { "line": 27, "column": null } },
      "4": { "start": { "line": 28, "column": 36 }, "end": { "line": 28, "column": null } },
      "5": { "start": { "line": 29, "column": 28 }, "end": { "line": 29, "column": null } },
      "6": { "start": { "line": 31, "column": 2 }, "end": { "line": 89, "column": null } },
      "7": { "start": { "line": 32, "column": 4 }, "end": { "line": 36, "column": null } },
      "8": { "start": { "line": 33, "column": 6 }, "end": { "line": 33, "column": null } },
      "9": { "start": { "line": 34, "column": 6 }, "end": { "line": 34, "column": null } },
      "10": { "start": { "line": 35, "column": 6 }, "end": { "line": 35, "column": null } },
      "11": { "start": { "line": 38, "column": 18 }, "end": { "line": 38, "column": null } },
      "12": { "start": { "line": 39, "column": 4 }, "end": { "line": 43, "column": null } },
      "13": { "start": { "line": 40, "column": 6 }, "end": { "line": 40, "column": null } },
      "14": { "start": { "line": 41, "column": 6 }, "end": { "line": 41, "column": null } },
      "15": { "start": { "line": 42, "column": 6 }, "end": { "line": 42, "column": null } },
      "16": { "start": { "line": 45, "column": 4 }, "end": { "line": 49, "column": null } },
      "17": { "start": { "line": 46, "column": 6 }, "end": { "line": 46, "column": null } },
      "18": { "start": { "line": 47, "column": 6 }, "end": { "line": 47, "column": null } },
      "19": { "start": { "line": 48, "column": 6 }, "end": { "line": 48, "column": null } },
      "20": { "start": { "line": 51, "column": 26 }, "end": { "line": 86, "column": null } },
      "21": { "start": { "line": 52, "column": 6 }, "end": { "line": 85, "column": null } },
      "22": { "start": { "line": 53, "column": 8 }, "end": { "line": 53, "column": null } },
      "23": { "start": { "line": 54, "column": 33 }, "end": { "line": 59, "column": null } },
      "24": { "start": { "line": 61, "column": 8 }, "end": { "line": 78, "column": null } },
      "25": { "start": { "line": 62, "column": 37 }, "end": { "line": 66, "column": null } },
      "26": { "start": { "line": 68, "column": 10 }, "end": { "line": 77, "column": null } },
      "27": { "start": { "line": 69, "column": 12 }, "end": { "line": 74, "column": null } },
      "28": { "start": { "line": 75, "column": 12 }, "end": { "line": 75, "column": null } },
      "29": { "start": { "line": 76, "column": 12 }, "end": { "line": 76, "column": null } },
      "30": { "start": { "line": 80, "column": 8 }, "end": { "line": 80, "column": null } },
      "31": { "start": { "line": 82, "column": 8 }, "end": { "line": 82, "column": null } },
      "32": { "start": { "line": 84, "column": 8 }, "end": { "line": 84, "column": null } },
      "33": { "start": { "line": 88, "column": 4 }, "end": { "line": 88, "column": null } },
      "34": { "start": { "line": 91, "column": 2 }, "end": { "line": 91, "column": null } }
    },
    "fnMap": {
      "0": {
        "name": "(anonymous_0)",
        "decl": { "start": { "line": 26, "column": 34 }, "end": { "line": 26, "column": 35 } },
        "loc": { "start": { "line": 26, "column": 61 }, "end": { "line": 92, "column": null } },
        "line": 26
      },
      "1": {
        "name": "(anonymous_1)",
        "decl": { "start": { "line": 31, "column": 12 }, "end": { "line": 31, "column": 18 } },
        "loc": { "start": { "line": 31, "column": 18 }, "end": { "line": 89, "column": 5 } },
        "line": 31
      },
      "2": {
        "name": "(anonymous_2)",
        "decl": { "start": { "line": 51, "column": 26 }, "end": { "line": 51, "column": 38 } },
        "loc": { "start": { "line": 51, "column": 38 }, "end": { "line": 86, "column": null } },
        "line": 51
      }
    },
    "branchMap": {
      "0": {
        "loc": { "start": { "line": 32, "column": 4 }, "end": { "line": 36, "column": null } },
        "type": "if",
        "locations": [
          { "start": { "line": 32, "column": 4 }, "end": { "line": 36, "column": null } },
          { "start": {}, "end": {} }
        ],
        "line": 32
      },
      "1": {
        "loc": { "start": { "line": 39, "column": 4 }, "end": { "line": 43, "column": null } },
        "type": "if",
        "locations": [
          { "start": { "line": 39, "column": 4 }, "end": { "line": 43, "column": null } },
          { "start": {}, "end": {} }
        ],
        "line": 39
      },
      "2": {
        "loc": { "start": { "line": 39, "column": 8 }, "end": { "line": 39, "column": 57 } },
        "type": "binary-expr",
        "locations": [
          { "start": { "line": 39, "column": 8 }, "end": { "line": 39, "column": 38 } },
          { "start": { "line": 39, "column": 38 }, "end": { "line": 39, "column": 57 } }
        ],
        "line": 39
      },
      "3": {
        "loc": { "start": { "line": 45, "column": 4 }, "end": { "line": 49, "column": null } },
        "type": "if",
        "locations": [
          { "start": { "line": 45, "column": 4 }, "end": { "line": 49, "column": null } },
          { "start": {}, "end": {} }
        ],
        "line": 45
      },
      "4": {
        "loc": { "start": { "line": 61, "column": 8 }, "end": { "line": 78, "column": null } },
        "type": "if",
        "locations": [
          { "start": { "line": 61, "column": 8 }, "end": { "line": 78, "column": null } },
          { "start": {}, "end": {} }
        ],
        "line": 61
      },
      "5": {
        "loc": { "start": { "line": 61, "column": 12 }, "end": { "line": 61, "column": 38 } },
        "type": "binary-expr",
        "locations": [
          { "start": { "line": 61, "column": 12 }, "end": { "line": 61, "column": 22 } },
          { "start": { "line": 61, "column": 22 }, "end": { "line": 61, "column": 38 } }
        ],
        "line": 61
      },
      "6": {
        "loc": { "start": { "line": 68, "column": 10 }, "end": { "line": 77, "column": null } },
        "type": "if",
        "locations": [
          { "start": { "line": 68, "column": 10 }, "end": { "line": 77, "column": null } },
          { "start": {}, "end": {} }
        ],
        "line": 68
      },
      "7": {
        "loc": { "start": { "line": 68, "column": 14 }, "end": { "line": 68, "column": 48 } },
        "type": "binary-expr",
        "locations": [
          { "start": { "line": 68, "column": 14 }, "end": { "line": 68, "column": 26 } },
          { "start": { "line": 68, "column": 26 }, "end": { "line": 68, "column": 48 } }
        ],
        "line": 68
      }
    },
    "s": {
      "0": 1,
      "1": 1,
      "2": 1,
      "3": 6,
      "4": 6,
      "5": 6,
      "6": 6,
      "7": 3,
      "8": 1,
      "9": 1,
      "10": 1,
      "11": 2,
      "12": 2,
      "13": 1,
      "14": 1,
      "15": 1,
      "16": 1,
      "17": 0,
      "18": 0,
      "19": 0,
      "20": 1,
      "21": 1,
      "22": 1,
      "23": 1,
      "24": 1,
      "25": 1,
      "26": 1,
      "27": 1,
      "28": 1,
      "29": 1,
      "30": 0,
      "31": 0,
      "32": 1,
      "33": 1,
      "34": 6
    },
    "f": { "0": 6, "1": 3, "2": 1 },
    "b": {
      "0": [1, 2],
      "1": [1, 1],
      "2": [2, 1],
      "3": [0, 1],
      "4": [1, 0],
      "5": [1, 1],
      "6": [1, 0],
      "7": [1, 1]
    },
    "meta": {
      "lastBranch": 8,
      "lastFunction": 3,
      "lastStatement": 35,
      "seen": {
        "s:12:45:17:Infinity": 0,
        "s:19:42:24:Infinity": 1,
        "s:26:34:92:Infinity": 2,
        "f:26:34:26:35": 0,
        "s:27:15:27:Infinity": 3,
        "s:28:36:28:Infinity": 4,
        "s:29:28:29:Infinity": 5,
        "s:31:2:89:Infinity": 6,
        "f:31:12:31:18": 1,
        "b:32:4:36:Infinity:undefined:undefined:undefined:undefined": 0,
        "s:32:4:36:Infinity": 7,
        "s:33:6:33:Infinity": 8,
        "s:34:6:34:Infinity": 9,
        "s:35:6:35:Infinity": 10,
        "s:38:18:38:Infinity": 11,
        "b:39:4:43:Infinity:undefined:undefined:undefined:undefined": 1,
        "s:39:4:43:Infinity": 12,
        "b:39:8:39:38:39:38:39:57": 2,
        "s:40:6:40:Infinity": 13,
        "s:41:6:41:Infinity": 14,
        "s:42:6:42:Infinity": 15,
        "b:45:4:49:Infinity:undefined:undefined:undefined:undefined": 3,
        "s:45:4:49:Infinity": 16,
        "s:46:6:46:Infinity": 17,
        "s:47:6:47:Infinity": 18,
        "s:48:6:48:Infinity": 19,
        "s:51:26:86:Infinity": 20,
        "f:51:26:51:38": 2,
        "s:52:6:85:Infinity": 21,
        "s:53:8:53:Infinity": 22,
        "s:54:33:59:Infinity": 23,
        "b:61:8:78:Infinity:undefined:undefined:undefined:undefined": 4,
        "s:61:8:78:Infinity": 24,
        "b:61:12:61:22:61:22:61:38": 5,
        "s:62:37:66:Infinity": 25,
        "b:68:10:77:Infinity:undefined:undefined:undefined:undefined": 6,
        "s:68:10:77:Infinity": 26,
        "b:68:14:68:26:68:26:68:48": 7,
        "s:69:12:74:Infinity": 27,
        "s:75:12:75:Infinity": 28,
        "s:76:12:76:Infinity": 29,
        "s:80:8:80:Infinity": 30,
        "s:82:8:82:Infinity": 31,
        "s:84:8:84:Infinity": 32,
        "s:88:4:88:Infinity": 33,
        "s:91:2:91:Infinity": 34
      }
    }
  }
}
