{"C:\\Users\\devver\\Downloads\\yntra_plattform\\src\\components\\GlobalSearch.tsx": {"path":"C:\\Users\\devver\\Downloads\\yntra_plattform\\src\\components\\GlobalSearch.tsx","statementMap":{"0":{"start":{"line":47,"column":0},"end":{"line":292,"column":null}},"1":{"start":{"line":48,"column":0},"end":{"line":48,"column":null}},"2":{"start":{"line":49,"column":0},"end":{"line":49,"column":null}},"3":{"start":{"line":50,"column":0},"end":{"line":50,"column":null}},"4":{"start":{"line":51,"column":0},"end":{"line":51,"column":null}},"5":{"start":{"line":53,"column":0},"end":{"line":53,"column":null}},"6":{"start":{"line":54,"column":0},"end":{"line":54,"column":null}},"7":{"start":{"line":55,"column":0},"end":{"line":55,"column":null}},"8":{"start":{"line":56,"column":0},"end":{"line":56,"column":null}},"9":{"start":{"line":58,"column":0},"end":{"line":77,"column":null}},"10":{"start":{"line":59,"column":0},"end":{"line":76,"column":null}},"11":{"start":{"line":60,"column":0},"end":{"line":60,"column":null}},"12":{"start":{"line":64,"column":0},"end":{"line":66,"column":null}},"13":{"start":{"line":67,"column":0},"end":{"line":67,"column":null}},"14":{"start":{"line":69,"column":0},"end":{"line":75,"column":null}},"15":{"start":{"line":79,"column":0},"end":{"line":86,"column":null}},"16":{"start":{"line":88,"column":0},"end":{"line":127,"column":null}},"17":{"start":{"line":129,"column":0},"end":{"line":166,"column":null}},"18":{"start":{"line":168,"column":0},"end":{"line":171,"column":null}},"19":{"start":{"line":169,"column":0},"end":{"line":169,"column":null}},"20":{"start":{"line":170,"column":0},"end":{"line":170,"column":null}},"21":{"start":{"line":173,"column":0},"end":{"line":290,"column":null}},"22":{"start":{"line":181,"column":0},"end":{"line":184,"column":null}},"23":{"start":{"line":181,"column":24},"end":{"line":181,"column":null}},"24":{"start":{"line":192,"column":0},"end":{"line":195,"column":null}},"25":{"start":{"line":192,"column":24},"end":{"line":192,"column":null}},"26":{"start":{"line":211,"column":0},"end":{"line":219,"column":null}},"27":{"start":{"line":211,"column":30},"end":{"line":211,"column":null}},"28":{"start":{"line":231,"column":0},"end":{"line":242,"column":null}},"29":{"start":{"line":233,"column":0},"end":{"line":233,"column":null}},"30":{"start":{"line":252,"column":0},"end":{"line":255,"column":null}},"31":{"start":{"line":252,"column":24},"end":{"line":252,"column":null}},"32":{"start":{"line":264,"column":0},"end":{"line":267,"column":null}},"33":{"start":{"line":264,"column":28},"end":{"line":264,"column":null}},"34":{"start":{"line":278,"column":0},"end":{"line":284,"column":null}},"35":{"start":{"line":278,"column":28},"end":{"line":278,"column":null}}},"fnMap":{"0":{"name":"(anonymous_0)","decl":{"start":{"line":47,"column":0},"end":{"line":47,"column":null}},"loc":{"start":{"line":47,"column":0},"end":{"line":292,"column":null}},"line":47},"1":{"name":"(anonymous_1)","decl":{"start":{"line":58,"column":0},"end":{"line":58,"column":null}},"loc":{"start":{"line":58,"column":0},"end":{"line":77,"column":null}},"line":58},"2":{"name":"(anonymous_2)","decl":{"start":{"line":59,"column":0},"end":{"line":59,"column":null}},"loc":{"start":{"line":59,"column":0},"end":{"line":76,"column":null}},"line":59},"3":{"name":"(anonymous_3)","decl":{"start":{"line":168,"column":0},"end":{"line":168,"column":null}},"loc":{"start":{"line":168,"column":0},"end":{"line":171,"column":null}},"line":168},"4":{"name":"(anonymous_4)","decl":{"start":{"line":180,"column":0},"end":{"line":180,"column":null}},"loc":{"start":{"line":181,"column":0},"end":{"line":184,"column":null}},"line":181},"5":{"name":"(anonymous_5)","decl":{"start":{"line":181,"column":24},"end":{"line":181,"column":null}},"loc":{"start":{"line":181,"column":24},"end":{"line":181,"column":null}},"line":181},"6":{"name":"(anonymous_6)","decl":{"start":{"line":191,"column":0},"end":{"line":191,"column":null}},"loc":{"start":{"line":192,"column":0},"end":{"line":195,"column":null}},"line":192},"7":{"name":"(anonymous_7)","decl":{"start":{"line":192,"column":24},"end":{"line":192,"column":null}},"loc":{"start":{"line":192,"column":24},"end":{"line":192,"column":null}},"line":192},"8":{"name":"(anonymous_8)","decl":{"start":{"line":204,"column":0},"end":{"line":204,"column":null}},"loc":{"start":{"line":211,"column":0},"end":{"line":219,"column":null}},"line":211},"9":{"name":"(anonymous_9)","decl":{"start":{"line":211,"column":30},"end":{"line":211,"column":null}},"loc":{"start":{"line":211,"column":30},"end":{"line":211,"column":null}},"line":211},"10":{"name":"(anonymous_10)","decl":{"start":{"line":230,"column":0},"end":{"line":230,"column":null}},"loc":{"start":{"line":231,"column":0},"end":{"line":242,"column":null}},"line":231},"11":{"name":"(anonymous_11)","decl":{"start":{"line":233,"column":0},"end":{"line":233,"column":null}},"loc":{"start":{"line":233,"column":0},"end":{"line":233,"column":null}},"line":233},"12":{"name":"(anonymous_12)","decl":{"start":{"line":251,"column":0},"end":{"line":251,"column":null}},"loc":{"start":{"line":252,"column":0},"end":{"line":255,"column":null}},"line":252},"13":{"name":"(anonymous_13)","decl":{"start":{"line":252,"column":24},"end":{"line":252,"column":null}},"loc":{"start":{"line":252,"column":24},"end":{"line":252,"column":null}},"line":252},"14":{"name":"(anonymous_14)","decl":{"start":{"line":263,"column":0},"end":{"line":263,"column":null}},"loc":{"start":{"line":264,"column":0},"end":{"line":267,"column":null}},"line":264},"15":{"name":"(anonymous_15)","decl":{"start":{"line":264,"column":28},"end":{"line":264,"column":null}},"loc":{"start":{"line":264,"column":28},"end":{"line":264,"column":null}},"line":264},"16":{"name":"(anonymous_16)","decl":{"start":{"line":277,"column":0},"end":{"line":277,"column":null}},"loc":{"start":{"line":278,"column":0},"end":{"line":284,"column":null}},"line":278},"17":{"name":"(anonymous_17)","decl":{"start":{"line":278,"column":28},"end":{"line":278,"column":null}},"loc":{"start":{"line":278,"column":28},"end":{"line":278,"column":null}},"line":278}},"branchMap":{"0":{"loc":{"start":{"line":53,"column":0},"end":{"line":53,"column":null}},"type":"default-arg","locations":[{"start":{"line":53,"column":0},"end":{"line":53,"column":null}}],"line":53},"1":{"loc":{"start":{"line":54,"column":0},"end":{"line":54,"column":null}},"type":"default-arg","locations":[{"start":{"line":54,"column":0},"end":{"line":54,"column":null}}],"line":54},"2":{"loc":{"start":{"line":55,"column":0},"end":{"line":55,"column":null}},"type":"default-arg","locations":[{"start":{"line":55,"column":0},"end":{"line":55,"column":null}}],"line":55},"3":{"loc":{"start":{"line":56,"column":0},"end":{"line":56,"column":null}},"type":"default-arg","locations":[{"start":{"line":56,"column":0},"end":{"line":56,"column":null}}],"line":56},"4":{"loc":{"start":{"line":56,"column":0},"end":{"line":56,"column":null}},"type":"binary-expr","locations":[{"start":{"line":56,"column":0},"end":{"line":56,"column":null}},{"start":{"line":56,"column":0},"end":{"line":56,"column":null}}],"line":56},"5":{"loc":{"start":{"line":60,"column":0},"end":{"line":60,"column":null}},"type":"cond-expr","locations":[{"start":{"line":60,"column":0},"end":{"line":60,"column":null}},{"start":{"line":60,"column":0},"end":{"line":60,"column":null}}],"line":60},"6":{"loc":{"start":{"line":64,"column":0},"end":{"line":66,"column":null}},"type":"cond-expr","locations":[{"start":{"line":65,"column":0},"end":{"line":65,"column":null}},{"start":{"line":66,"column":0},"end":{"line":66,"column":null}}],"line":64},"7":{"loc":{"start":{"line":65,"column":0},"end":{"line":65,"column":null}},"type":"binary-expr","locations":[{"start":{"line":65,"column":0},"end":{"line":65,"column":null}},{"start":{"line":65,"column":0},"end":{"line":65,"column":null}},{"start":{"line":65,"column":0},"end":{"line":65,"column":null}}],"line":65},"8":{"loc":{"start":{"line":71,"column":0},"end":{"line":71,"column":null}},"type":"binary-expr","locations":[{"start":{"line":71,"column":0},"end":{"line":71,"column":null}},{"start":{"line":71,"column":0},"end":{"line":71,"column":null}}],"line":71},"9":{"loc":{"start":{"line":113,"column":0},"end":{"line":126,"column":null}},"type":"cond-expr","locations":[{"start":{"line":113,"column":0},"end":{"line":126,"column":null}},{"start":{"line":126,"column":0},"end":{"line":126,"column":null}}],"line":113},"10":{"loc":{"start":{"line":113,"column":0},"end":{"line":113,"column":null}},"type":"binary-expr","locations":[{"start":{"line":113,"column":0},"end":{"line":113,"column":null}},{"start":{"line":113,"column":0},"end":{"line":113,"column":null}}],"line":113},"11":{"loc":{"start":{"line":122,"column":0},"end":{"line":122,"column":null}},"type":"binary-expr","locations":[{"start":{"line":122,"column":0},"end":{"line":122,"column":null}},{"start":{"line":122,"column":0},"end":{"line":122,"column":null}}],"line":122},"12":{"loc":{"start":{"line":199,"column":0},"end":{"line":223,"column":null}},"type":"binary-expr","locations":[{"start":{"line":199,"column":0},"end":{"line":199,"column":null}},{"start":{"line":200,"column":0},"end":{"line":223,"column":null}}],"line":199},"13":{"loc":{"start":{"line":216,"column":0},"end":{"line":216,"column":null}},"type":"cond-expr","locations":[{"start":{"line":216,"column":0},"end":{"line":216,"column":null}},{"start":{"line":216,"column":0},"end":{"line":216,"column":null}}],"line":216},"14":{"loc":{"start":{"line":226,"column":0},"end":{"line":245,"column":null}},"type":"binary-expr","locations":[{"start":{"line":226,"column":0},"end":{"line":226,"column":null}},{"start":{"line":227,"column":0},"end":{"line":245,"column":null}}],"line":226},"15":{"loc":{"start":{"line":239,"column":0},"end":{"line":239,"column":null}},"type":"binary-expr","locations":[{"start":{"line":239,"column":0},"end":{"line":239,"column":null}},{"start":{"line":239,"column":0},"end":{"line":239,"column":null}}],"line":239},"16":{"loc":{"start":{"line":259,"column":0},"end":{"line":270,"column":null}},"type":"binary-expr","locations":[{"start":{"line":259,"column":0},"end":{"line":259,"column":null}},{"start":{"line":260,"column":0},"end":{"line":270,"column":null}}],"line":259},"17":{"loc":{"start":{"line":273,"column":0},"end":{"line":287,"column":null}},"type":"binary-expr","locations":[{"start":{"line":273,"column":0},"end":{"line":273,"column":null}},{"start":{"line":274,"column":0},"end":{"line":287,"column":null}}],"line":273}},"s":{"0":1,"1":4,"2":4,"3":4,"4":4,"5":4,"6":4,"7":4,"8":4,"9":4,"10":4,"11":0,"12":0,"13":0,"14":0,"15":4,"16":4,"17":4,"18":4,"19":0,"20":0,"21":4,"22":24,"23":0,"24":24,"25":0,"26":0,"27":0,"28":0,"29":0,"30":24,"31":0,"32":0,"33":0,"34":0,"35":0},"f":{"0":4,"1":4,"2":0,"3":0,"4":24,"5":0,"6":24,"7":0,"8":0,"9":0,"10":0,"11":0,"12":24,"13":0,"14":0,"15":0,"16":0,"17":0},"b":{"0":[4],"1":[4],"2":[4],"3":[4],"4":[4,0],"5":[0,0],"6":[0,0],"7":[0,0,0],"8":[0,0],"9":[4,0],"10":[4,0],"11":[4,0],"12":[4,0],"13":[0,0],"14":[4,0],"15":[0,0],"16":[4,0],"17":[4,0]},"meta":{"lastBranch":18,"lastFunction":18,"lastStatement":36,"seen":{"s:47:0:292:Infinity":0,"f:47:0:47:Infinity":0,"s:48:0:48:Infinity":1,"s:49:0:49:Infinity":2,"s:50:0:50:Infinity":3,"s:51:0:51:Infinity":4,"s:53:0:53:Infinity":5,"b:53:0:53:Infinity":0,"s:54:0:54:Infinity":6,"b:54:0:54:Infinity":1,"s:55:0:55:Infinity":7,"b:55:0:55:Infinity":2,"s:56:0:56:Infinity":8,"b:56:0:56:Infinity":3,"b:56:0:56:Infinity:56:0:56:Infinity":4,"s:58:0:77:Infinity":9,"f:58:0:58:Infinity":1,"s:59:0:76:Infinity":10,"f:59:0:59:Infinity":2,"s:60:0:60:Infinity":11,"b:60:0:60:Infinity:60:0:60:Infinity":5,"s:64:0:66:Infinity":12,"b:65:0:65:Infinity:66:0:66:Infinity":6,"b:65:0:65:Infinity:65:0:65:Infinity:65:0:65:Infinity":7,"s:67:0:67:Infinity":13,"s:69:0:75:Infinity":14,"b:71:0:71:Infinity:71:0:71:Infinity":8,"s:79:0:86:Infinity":15,"s:88:0:127:Infinity":16,"b:113:0:126:Infinity:126:0:126:Infinity":9,"b:113:0:113:Infinity:113:0:113:Infinity":10,"b:122:0:122:Infinity:122:0:122:Infinity":11,"s:129:0:166:Infinity":17,"s:168:0:171:Infinity":18,"f:168:0:168:Infinity":3,"s:169:0:169:Infinity":19,"s:170:0:170:Infinity":20,"s:173:0:290:Infinity":21,"f:180:0:180:Infinity":4,"s:181:0:184:Infinity":22,"f:181:24:181:Infinity":5,"s:181:24:181:Infinity":23,"f:191:0:191:Infinity":6,"s:192:0:195:Infinity":24,"f:192:24:192:Infinity":7,"s:192:24:192:Infinity":25,"b:199:0:199:Infinity:200:0:223:Infinity":12,"f:204:0:204:Infinity":8,"s:211:0:219:Infinity":26,"f:211:30:211:Infinity":9,"s:211:30:211:Infinity":27,"b:216:0:216:Infinity:216:0:216:Infinity":13,"b:226:0:226:Infinity:227:0:245:Infinity":14,"f:230:0:230:Infinity":10,"s:231:0:242:Infinity":28,"f:233:0:233:Infinity":11,"s:233:0:233:Infinity":29,"b:239:0:239:Infinity:239:0:239:Infinity":15,"f:251:0:251:Infinity":12,"s:252:0:255:Infinity":30,"f:252:24:252:Infinity":13,"s:252:24:252:Infinity":31,"b:259:0:259:Infinity:260:0:270:Infinity":16,"f:263:0:263:Infinity":14,"s:264:0:267:Infinity":32,"f:264:28:264:Infinity":15,"s:264:28:264:Infinity":33,"b:273:0:273:Infinity:274:0:287:Infinity":17,"f:277:0:277:Infinity":16,"s:278:0:284:Infinity":34,"f:278:28:278:Infinity":17,"s:278:28:278:Infinity":35}}}
,"C:\\Users\\devver\\Downloads\\yntra_plattform\\src\\components\\ui\\badge.tsx": {"path":"C:\\Users\\devver\\Downloads\\yntra_plattform\\src\\components\\ui\\badge.tsx","statementMap":{"0":{"start":{"line":7,"column":0},"end":{"line":24,"column":null}},"1":{"start":{"line":32,"column":0},"end":{"line":32,"column":null}},"2":{"start":{"line":34,"column":0},"end":{"line":34,"column":null}}},"fnMap":{"0":{"name":"Badge","decl":{"start":{"line":26,"column":0},"end":{"line":26,"column":null}},"loc":{"start":{"line":31,"column":0},"end":{"line":35,"column":null}},"line":31}},"branchMap":{"0":{"loc":{"start":{"line":29,"column":0},"end":{"line":29,"column":null}},"type":"default-arg","locations":[{"start":{"line":29,"column":0},"end":{"line":29,"column":null}}],"line":29},"1":{"loc":{"start":{"line":32,"column":0},"end":{"line":32,"column":null}},"type":"cond-expr","locations":[{"start":{"line":32,"column":0},"end":{"line":32,"column":null}},{"start":{"line":32,"column":0},"end":{"line":32,"column":null}}],"line":32}},"s":{"0":1,"1":4,"2":4},"f":{"0":4},"b":{"0":[4],"1":[0,4]},"meta":{"lastBranch":2,"lastFunction":1,"lastStatement":3,"seen":{"s:7:0:24:Infinity":0,"f:26:0:26:Infinity":0,"b:29:0:29:Infinity":0,"s:32:0:32:Infinity":1,"b:32:0:32:Infinity:32:0:32:Infinity":1,"s:34:0:34:Infinity":2}}}
,"C:\\Users\\devver\\Downloads\\yntra_plattform\\src\\components\\ui\\command.tsx": {"path":"C:\\Users\\devver\\Downloads\\yntra_plattform\\src\\components\\ui\\command.tsx","statementMap":{"0":{"start":{"line":15,"column":0},"end":{"line":23,"column":null}},"1":{"start":{"line":40,"column":0},"end":{"line":54,"column":null}},"2":{"start":{"line":62,"column":0},"end":{"line":73,"column":null}},"3":{"start":{"line":78,"column":0},"end":{"line":83,"column":null}},"4":{"start":{"line":88,"column":0},"end":{"line":93,"column":null}},"5":{"start":{"line":101,"column":0},"end":{"line":109,"column":null}},"6":{"start":{"line":117,"column":0},"end":{"line":122,"column":null}},"7":{"start":{"line":127,"column":0},"end":{"line":135,"column":null}},"8":{"start":{"line":140,"column":0},"end":{"line":145,"column":null}}},"fnMap":{"0":{"name":"Command","decl":{"start":{"line":14,"column":0},"end":{"line":14,"column":null}},"loc":{"start":{"line":14,"column":0},"end":{"line":25,"column":null}},"line":14},"1":{"name":"CommandDialog","decl":{"start":{"line":27,"column":0},"end":{"line":27,"column":null}},"loc":{"start":{"line":39,"column":0},"end":{"line":56,"column":null}},"line":39},"2":{"name":"CommandInput","decl":{"start":{"line":58,"column":0},"end":{"line":58,"column":null}},"loc":{"start":{"line":61,"column":0},"end":{"line":75,"column":null}},"line":61},"3":{"name":"CommandList","decl":{"start":{"line":77,"column":0},"end":{"line":77,"column":null}},"loc":{"start":{"line":77,"column":0},"end":{"line":85,"column":null}},"line":77},"4":{"name":"CommandEmpty","decl":{"start":{"line":87,"column":0},"end":{"line":87,"column":null}},"loc":{"start":{"line":87,"column":0},"end":{"line":95,"column":null}},"line":87},"5":{"name":"CommandGroup","decl":{"start":{"line":97,"column":0},"end":{"line":97,"column":null}},"loc":{"start":{"line":100,"column":0},"end":{"line":111,"column":null}},"line":100},"6":{"name":"CommandSeparator","decl":{"start":{"line":113,"column":0},"end":{"line":113,"column":null}},"loc":{"start":{"line":116,"column":0},"end":{"line":124,"column":null}},"line":116},"7":{"name":"CommandItem","decl":{"start":{"line":126,"column":0},"end":{"line":126,"column":null}},"loc":{"start":{"line":126,"column":0},"end":{"line":137,"column":null}},"line":126},"8":{"name":"CommandShortcut","decl":{"start":{"line":139,"column":0},"end":{"line":139,"column":null}},"loc":{"start":{"line":139,"column":0},"end":{"line":147,"column":null}},"line":139}},"branchMap":{"0":{"loc":{"start":{"line":28,"column":0},"end":{"line":28,"column":null}},"type":"default-arg","locations":[{"start":{"line":28,"column":0},"end":{"line":28,"column":null}}],"line":28},"1":{"loc":{"start":{"line":29,"column":0},"end":{"line":29,"column":null}},"type":"default-arg","locations":[{"start":{"line":29,"column":0},"end":{"line":29,"column":null}}],"line":29},"2":{"loc":{"start":{"line":32,"column":0},"end":{"line":32,"column":null}},"type":"default-arg","locations":[{"start":{"line":32,"column":0},"end":{"line":32,"column":null}}],"line":32}},"s":{"0":0,"1":4,"2":0,"3":0,"4":0,"5":0,"6":0,"7":0,"8":0},"f":{"0":0,"1":4,"2":0,"3":0,"4":0,"5":0,"6":0,"7":0,"8":0},"b":{"0":[4],"1":[4],"2":[4]},"meta":{"lastBranch":3,"lastFunction":9,"lastStatement":9,"seen":{"f:14:0:14:Infinity":0,"s:15:0:23:Infinity":0,"f:27:0:27:Infinity":1,"b:28:0:28:Infinity":0,"b:29:0:29:Infinity":1,"b:32:0:32:Infinity":2,"s:40:0:54:Infinity":1,"f:58:0:58:Infinity":2,"s:62:0:73:Infinity":2,"f:77:0:77:Infinity":3,"s:78:0:83:Infinity":3,"f:87:0:87:Infinity":4,"s:88:0:93:Infinity":4,"f:97:0:97:Infinity":5,"s:101:0:109:Infinity":5,"f:113:0:113:Infinity":6,"s:117:0:122:Infinity":6,"f:126:0:126:Infinity":7,"s:127:0:135:Infinity":7,"f:139:0:139:Infinity":8,"s:140:0:145:Infinity":8}}}
,"C:\\Users\\devver\\Downloads\\yntra_plattform\\src\\components\\ui\\dialog.tsx": {"path":"C:\\Users\\devver\\Downloads\\yntra_plattform\\src\\components\\ui\\dialog.tsx","statementMap":{"0":{"start":{"line":8,"column":0},"end":{"line":8,"column":null}},"1":{"start":{"line":12,"column":0},"end":{"line":12,"column":null}},"2":{"start":{"line":16,"column":0},"end":{"line":16,"column":null}},"3":{"start":{"line":20,"column":0},"end":{"line":20,"column":null}},"4":{"start":{"line":27,"column":0},"end":{"line":35,"column":null}},"5":{"start":{"line":47,"column":0},"end":{"line":69,"column":null}},"6":{"start":{"line":74,"column":0},"end":{"line":79,"column":null}},"7":{"start":{"line":84,"column":0},"end":{"line":89,"column":null}},"8":{"start":{"line":94,"column":0},"end":{"line":99,"column":null}},"9":{"start":{"line":107,"column":0},"end":{"line":112,"column":null}}},"fnMap":{"0":{"name":"Dialog","decl":{"start":{"line":7,"column":0},"end":{"line":7,"column":null}},"loc":{"start":{"line":7,"column":0},"end":{"line":9,"column":null}},"line":7},"1":{"name":"DialogTrigger","decl":{"start":{"line":11,"column":0},"end":{"line":11,"column":null}},"loc":{"start":{"line":11,"column":0},"end":{"line":13,"column":null}},"line":11},"2":{"name":"DialogPortal","decl":{"start":{"line":15,"column":0},"end":{"line":15,"column":null}},"loc":{"start":{"line":15,"column":0},"end":{"line":17,"column":null}},"line":15},"3":{"name":"DialogClose","decl":{"start":{"line":19,"column":0},"end":{"line":19,"column":null}},"loc":{"start":{"line":19,"column":0},"end":{"line":21,"column":null}},"line":19},"4":{"name":"DialogOverlay","decl":{"start":{"line":23,"column":0},"end":{"line":23,"column":null}},"loc":{"start":{"line":26,"column":0},"end":{"line":37,"column":null}},"line":26},"5":{"name":"DialogContent","decl":{"start":{"line":39,"column":0},"end":{"line":39,"column":null}},"loc":{"start":{"line":46,"column":0},"end":{"line":71,"column":null}},"line":46},"6":{"name":"DialogHeader","decl":{"start":{"line":73,"column":0},"end":{"line":73,"column":null}},"loc":{"start":{"line":73,"column":0},"end":{"line":81,"column":null}},"line":73},"7":{"name":"DialogFooter","decl":{"start":{"line":83,"column":0},"end":{"line":83,"column":null}},"loc":{"start":{"line":83,"column":0},"end":{"line":91,"column":null}},"line":83},"8":{"name":"DialogTitle","decl":{"start":{"line":93,"column":0},"end":{"line":93,"column":null}},"loc":{"start":{"line":93,"column":0},"end":{"line":101,"column":null}},"line":93},"9":{"name":"DialogDescription","decl":{"start":{"line":103,"column":0},"end":{"line":103,"column":null}},"loc":{"start":{"line":106,"column":0},"end":{"line":114,"column":null}},"line":106}},"branchMap":{"0":{"loc":{"start":{"line":42,"column":0},"end":{"line":42,"column":null}},"type":"default-arg","locations":[{"start":{"line":42,"column":0},"end":{"line":42,"column":null}}],"line":42},"1":{"loc":{"start":{"line":59,"column":0},"end":{"line":66,"column":null}},"type":"binary-expr","locations":[{"start":{"line":59,"column":0},"end":{"line":59,"column":null}},{"start":{"line":60,"column":0},"end":{"line":66,"column":null}}],"line":59}},"s":{"0":4,"1":0,"2":4,"3":0,"4":0,"5":4,"6":4,"7":0,"8":4,"9":4},"f":{"0":4,"1":0,"2":4,"3":0,"4":0,"5":4,"6":4,"7":0,"8":4,"9":4},"b":{"0":[4],"1":[4,4]},"meta":{"lastBranch":2,"lastFunction":10,"lastStatement":10,"seen":{"f:7:0:7:Infinity":0,"s:8:0:8:Infinity":0,"f:11:0:11:Infinity":1,"s:12:0:12:Infinity":1,"f:15:0:15:Infinity":2,"s:16:0:16:Infinity":2,"f:19:0:19:Infinity":3,"s:20:0:20:Infinity":3,"f:23:0:23:Infinity":4,"s:27:0:35:Infinity":4,"f:39:0:39:Infinity":5,"b:42:0:42:Infinity":0,"s:47:0:69:Infinity":5,"b:59:0:59:Infinity:60:0:66:Infinity":1,"f:73:0:73:Infinity":6,"s:74:0:79:Infinity":6,"f:83:0:83:Infinity":7,"s:84:0:89:Infinity":7,"f:93:0:93:Infinity":8,"s:94:0:99:Infinity":8,"f:103:0:103:Infinity":9,"s:107:0:112:Infinity":9}}}
,"C:\\Users\\devver\\Downloads\\yntra_plattform\\src\\components\\ui\\select.tsx": {"path":"C:\\Users\\devver\\Downloads\\yntra_plattform\\src\\components\\ui\\select.tsx","statementMap":{"0":{"start":{"line":8,"column":0},"end":{"line":8,"column":null}},"1":{"start":{"line":12,"column":0},"end":{"line":12,"column":null}},"2":{"start":{"line":16,"column":0},"end":{"line":16,"column":null}},"3":{"start":{"line":27,"column":0},"end":{"line":41,"column":null}},"4":{"start":{"line":52,"column":0},"end":{"line":78,"column":null}},"5":{"start":{"line":83,"column":0},"end":{"line":88,"column":null}},"6":{"start":{"line":97,"column":0},"end":{"line":115,"column":null}},"7":{"start":{"line":123,"column":0},"end":{"line":128,"column":null}},"8":{"start":{"line":136,"column":0},"end":{"line":143,"column":null}},"9":{"start":{"line":151,"column":0},"end":{"line":158,"column":null}}},"fnMap":{"0":{"name":"Select","decl":{"start":{"line":7,"column":0},"end":{"line":7,"column":null}},"loc":{"start":{"line":7,"column":0},"end":{"line":9,"column":null}},"line":7},"1":{"name":"SelectGroup","decl":{"start":{"line":11,"column":0},"end":{"line":11,"column":null}},"loc":{"start":{"line":11,"column":0},"end":{"line":13,"column":null}},"line":11},"2":{"name":"SelectValue","decl":{"start":{"line":15,"column":0},"end":{"line":15,"column":null}},"loc":{"start":{"line":15,"column":0},"end":{"line":17,"column":null}},"line":15},"3":{"name":"SelectTrigger","decl":{"start":{"line":19,"column":0},"end":{"line":19,"column":null}},"loc":{"start":{"line":26,"column":0},"end":{"line":43,"column":null}},"line":26},"4":{"name":"SelectContent","decl":{"start":{"line":45,"column":0},"end":{"line":45,"column":null}},"loc":{"start":{"line":51,"column":0},"end":{"line":80,"column":null}},"line":51},"5":{"name":"SelectLabel","decl":{"start":{"line":82,"column":0},"end":{"line":82,"column":null}},"loc":{"start":{"line":82,"column":0},"end":{"line":90,"column":null}},"line":82},"6":{"name":"SelectItem","decl":{"start":{"line":92,"column":0},"end":{"line":92,"column":null}},"loc":{"start":{"line":96,"column":0},"end":{"line":117,"column":null}},"line":96},"7":{"name":"SelectSeparator","decl":{"start":{"line":119,"column":0},"end":{"line":119,"column":null}},"loc":{"start":{"line":122,"column":0},"end":{"line":130,"column":null}},"line":122},"8":{"name":"SelectScrollUpButton","decl":{"start":{"line":132,"column":0},"end":{"line":132,"column":null}},"loc":{"start":{"line":135,"column":0},"end":{"line":145,"column":null}},"line":135},"9":{"name":"SelectScrollDownButton","decl":{"start":{"line":147,"column":0},"end":{"line":147,"column":null}},"loc":{"start":{"line":150,"column":0},"end":{"line":160,"column":null}},"line":150}},"branchMap":{"0":{"loc":{"start":{"line":21,"column":0},"end":{"line":21,"column":null}},"type":"default-arg","locations":[{"start":{"line":21,"column":0},"end":{"line":21,"column":null}}],"line":21},"1":{"loc":{"start":{"line":48,"column":0},"end":{"line":48,"column":null}},"type":"default-arg","locations":[{"start":{"line":48,"column":0},"end":{"line":48,"column":null}}],"line":48},"2":{"loc":{"start":{"line":49,"column":0},"end":{"line":49,"column":null}},"type":"default-arg","locations":[{"start":{"line":49,"column":0},"end":{"line":49,"column":null}}],"line":49},"3":{"loc":{"start":{"line":58,"column":0},"end":{"line":59,"column":null}},"type":"binary-expr","locations":[{"start":{"line":58,"column":0},"end":{"line":58,"column":null}},{"start":{"line":59,"column":0},"end":{"line":59,"column":null}}],"line":58},"4":{"loc":{"start":{"line":70,"column":0},"end":{"line":71,"column":null}},"type":"binary-expr","locations":[{"start":{"line":70,"column":0},"end":{"line":70,"column":null}},{"start":{"line":71,"column":0},"end":{"line":71,"column":null}}],"line":70}},"s":{"0":3,"1":0,"2":3,"3":3,"4":3,"5":0,"6":3,"7":0,"8":3,"9":3},"f":{"0":3,"1":0,"2":3,"3":3,"4":3,"5":0,"6":3,"7":0,"8":3,"9":3},"b":{"0":[3],"1":[3],"2":[3],"3":[3,0],"4":[3,0]},"meta":{"lastBranch":5,"lastFunction":10,"lastStatement":10,"seen":{"f:7:0:7:Infinity":0,"s:8:0:8:Infinity":0,"f:11:0:11:Infinity":1,"s:12:0:12:Infinity":1,"f:15:0:15:Infinity":2,"s:16:0:16:Infinity":2,"f:19:0:19:Infinity":3,"b:21:0:21:Infinity":0,"s:27:0:41:Infinity":3,"f:45:0:45:Infinity":4,"b:48:0:48:Infinity":1,"b:49:0:49:Infinity":2,"s:52:0:78:Infinity":4,"b:58:0:58:Infinity:59:0:59:Infinity":3,"b:70:0:70:Infinity:71:0:71:Infinity":4,"f:82:0:82:Infinity":5,"s:83:0:88:Infinity":5,"f:92:0:92:Infinity":6,"s:97:0:115:Infinity":6,"f:119:0:119:Infinity":7,"s:123:0:128:Infinity":7,"f:132:0:132:Infinity":8,"s:136:0:143:Infinity":8,"f:147:0:147:Infinity":9,"s:151:0:158:Infinity":9}}}
,"C:\\Users\\devver\\Downloads\\yntra_plattform\\src\\features\\assistance\\index.ts": {"path":"C:\\Users\\devver\\Downloads\\yntra_plattform\\src\\features\\assistance\\index.ts","statementMap":{"0":{"start":{"line":4,"column":6},"end":{"line":8,"column":null}},"1":{"start":{"line":5,"column":2},"end":{"line":7,"column":null}},"2":{"start":{"line":5,"column":62},"end":{"line":7,"column":4}},"3":{"start":{"line":10,"column":45},"end":{"line":32,"column":null}}},"fnMap":{"0":{"name":"(anonymous_0)","decl":{"start":{"line":4,"column":32},"end":{"line":4,"column":null}},"loc":{"start":{"line":5,"column":2},"end":{"line":7,"column":null}},"line":5},"1":{"name":"(anonymous_1)","decl":{"start":{"line":5,"column":62},"end":{"line":5,"column":null}},"loc":{"start":{"line":5,"column":62},"end":{"line":7,"column":4}},"line":5}},"branchMap":{},"s":{"0":1,"1":0,"2":0,"3":1},"f":{"0":0,"1":0},"b":{},"meta":{"lastBranch":0,"lastFunction":2,"lastStatement":4,"seen":{"s:4:6:8:Infinity":0,"f:4:32:4:Infinity":0,"s:5:2:7:Infinity":1,"f:5:62:5:Infinity":1,"s:5:62:7:4":2,"s:10:45:32:Infinity":3}}}
,"C:\\Users\\devver\\Downloads\\yntra_plattform\\src\\features\\directory\\index.ts": {"path":"C:\\Users\\devver\\Downloads\\yntra_plattform\\src\\features\\directory\\index.ts","statementMap":{"0":{"start":{"line":4,"column":6},"end":{"line":8,"column":null}},"1":{"start":{"line":5,"column":2},"end":{"line":7,"column":null}},"2":{"start":{"line":5,"column":57},"end":{"line":7,"column":4}},"3":{"start":{"line":10,"column":44},"end":{"line":32,"column":null}}},"fnMap":{"0":{"name":"(anonymous_0)","decl":{"start":{"line":4,"column":27},"end":{"line":4,"column":null}},"loc":{"start":{"line":5,"column":2},"end":{"line":7,"column":null}},"line":5},"1":{"name":"(anonymous_1)","decl":{"start":{"line":5,"column":57},"end":{"line":5,"column":null}},"loc":{"start":{"line":5,"column":57},"end":{"line":7,"column":4}},"line":5}},"branchMap":{},"s":{"0":1,"1":0,"2":0,"3":1},"f":{"0":0,"1":0},"b":{},"meta":{"lastBranch":0,"lastFunction":2,"lastStatement":4,"seen":{"s:4:6:8:Infinity":0,"f:4:27:4:Infinity":0,"s:5:2:7:Infinity":1,"f:5:57:5:Infinity":1,"s:5:57:7:4":2,"s:10:44:32:Infinity":3}}}
,"C:\\Users\\devver\\Downloads\\yntra_plattform\\src\\features\\messages\\index.ts": {"path":"C:\\Users\\devver\\Downloads\\yntra_plattform\\src\\features\\messages\\index.ts","statementMap":{"0":{"start":{"line":4,"column":6},"end":{"line":8,"column":null}},"1":{"start":{"line":5,"column":2},"end":{"line":7,"column":null}},"2":{"start":{"line":5,"column":56},"end":{"line":7,"column":4}},"3":{"start":{"line":10,"column":44},"end":{"line":33,"column":null}}},"fnMap":{"0":{"name":"(anonymous_0)","decl":{"start":{"line":4,"column":26},"end":{"line":4,"column":null}},"loc":{"start":{"line":5,"column":2},"end":{"line":7,"column":null}},"line":5},"1":{"name":"(anonymous_1)","decl":{"start":{"line":5,"column":56},"end":{"line":5,"column":null}},"loc":{"start":{"line":5,"column":56},"end":{"line":7,"column":4}},"line":5}},"branchMap":{},"s":{"0":1,"1":0,"2":0,"3":1},"f":{"0":0,"1":0},"b":{},"meta":{"lastBranch":0,"lastFunction":2,"lastStatement":4,"seen":{"s:4:6:8:Infinity":0,"f:4:26:4:Infinity":0,"s:5:2:7:Infinity":1,"f:5:56:5:Infinity":1,"s:5:56:7:4":2,"s:10:44:33:Infinity":3}}}
,"C:\\Users\\devver\\Downloads\\yntra_plattform\\src\\features\\messages\\utils\\messageTransformers.ts": {"path":"C:\\Users\\devver\\Downloads\\yntra_plattform\\src\\features\\messages\\utils\\messageTransformers.ts","statementMap":{"0":{"start":{"line":10,"column":33},"end":{"line":54,"column":null}},"1":{"start":{"line":16,"column":2},"end":{"line":53,"column":null}},"2":{"start":{"line":17,"column":17},"end":{"line":17,"column":null}},"3":{"start":{"line":18,"column":4},"end":{"line":27,"column":null}},"4":{"start":{"line":19,"column":6},"end":{"line":19,"column":null}},"5":{"start":{"line":19,"column":36},"end":{"line":19,"column":64}},"6":{"start":{"line":20,"column":4},"end":{"line":27,"column":null}},"7":{"start":{"line":21,"column":6},"end":{"line":21,"column":null}},"8":{"start":{"line":23,"column":23},"end":{"line":23,"column":null}},"9":{"start":{"line":24,"column":6},"end":{"line":26,"column":null}},"10":{"start":{"line":29,"column":21},"end":{"line":29,"column":null}},"11":{"start":{"line":30,"column":23},"end":{"line":32,"column":null}},"12":{"start":{"line":34,"column":4},"end":{"line":52,"column":null}}},"fnMap":{"0":{"name":"(anonymous_0)","decl":{"start":{"line":10,"column":33},"end":{"line":10,"column":null}},"loc":{"start":{"line":15,"column":25},"end":{"line":54,"column":null}},"line":15},"1":{"name":"(anonymous_1)","decl":{"start":{"line":16,"column":25},"end":{"line":16,"column":26}},"loc":{"start":{"line":16,"column":32},"end":{"line":53,"column":3}},"line":16},"2":{"name":"(anonymous_2)","decl":{"start":{"line":19,"column":26},"end":{"line":19,"column":27}},"loc":{"start":{"line":19,"column":36},"end":{"line":19,"column":64}},"line":19}},"branchMap":{"0":{"loc":{"start":{"line":18,"column":4},"end":{"line":27,"column":null}},"type":"if","locations":[{"start":{"line":18,"column":4},"end":{"line":27,"column":null}},{"start":{"line":20,"column":4},"end":{"line":27,"column":null}}],"line":18},"1":{"loc":{"start":{"line":19,"column":15},"end":{"line":19,"column":null}},"type":"binary-expr","locations":[{"start":{"line":19,"column":15},"end":{"line":19,"column":75}},{"start":{"line":19,"column":75},"end":{"line":19,"column":null}}],"line":19},"2":{"loc":{"start":{"line":20,"column":4},"end":{"line":27,"column":null}},"type":"if","locations":[{"start":{"line":20,"column":4},"end":{"line":27,"column":null}},{"start":{"line":22,"column":11},"end":{"line":27,"column":null}}],"line":20},"3":{"loc":{"start":{"line":23,"column":23},"end":{"line":23,"column":null}},"type":"cond-expr","locations":[{"start":{"line":23,"column":51},"end":{"line":23,"column":67}},{"start":{"line":23,"column":67},"end":{"line":23,"column":null}}],"line":23},"4":{"loc":{"start":{"line":24,"column":15},"end":{"line":26,"column":null}},"type":"cond-expr","locations":[{"start":{"line":25,"column":10},"end":{"line":25,"column":null}},{"start":{"line":26,"column":10},"end":{"line":26,"column":null}}],"line":24},"5":{"loc":{"start":{"line":25,"column":10},"end":{"line":25,"column":null}},"type":"binary-expr","locations":[{"start":{"line":25,"column":10},"end":{"line":25,"column":32}},{"start":{"line":25,"column":32},"end":{"line":25,"column":50}},{"start":{"line":25,"column":50},"end":{"line":25,"column":null}}],"line":25},"6":{"loc":{"start":{"line":29,"column":21},"end":{"line":29,"column":null}},"type":"cond-expr","locations":[{"start":{"line":29,"column":47},"end":{"line":29,"column":61}},{"start":{"line":29,"column":61},"end":{"line":29,"column":null}}],"line":29},"7":{"loc":{"start":{"line":30,"column":23},"end":{"line":32,"column":null}},"type":"cond-expr","locations":[{"start":{"line":31,"column":8},"end":{"line":31,"column":null}},{"start":{"line":32,"column":8},"end":{"line":32,"column":null}}],"line":30},"8":{"loc":{"start":{"line":31,"column":8},"end":{"line":31,"column":null}},"type":"binary-expr","locations":[{"start":{"line":31,"column":8},"end":{"line":31,"column":30}},{"start":{"line":31,"column":30},"end":{"line":31,"column":48}},{"start":{"line":31,"column":48},"end":{"line":31,"column":null}}],"line":31},"9":{"loc":{"start":{"line":37,"column":19},"end":{"line":37,"column":null}},"type":"binary-expr","locations":[{"start":{"line":37,"column":19},"end":{"line":37,"column":36}},{"start":{"line":37,"column":36},"end":{"line":37,"column":null}}],"line":37},"10":{"loc":{"start":{"line":38,"column":22},"end":{"line":38,"column":null}},"type":"binary-expr","locations":[{"start":{"line":38,"column":22},"end":{"line":38,"column":42}},{"start":{"line":38,"column":42},"end":{"line":38,"column":null}}],"line":38},"11":{"loc":{"start":{"line":39,"column":16},"end":{"line":39,"column":null}},"type":"cond-expr","locations":[{"start":{"line":39,"column":43},"end":{"line":39,"column":53}},{"start":{"line":39,"column":53},"end":{"line":39,"column":null}}],"line":39},"12":{"loc":{"start":{"line":43,"column":15},"end":{"line":43,"column":null}},"type":"binary-expr","locations":[{"start":{"line":43,"column":15},"end":{"line":43,"column":28}},{"start":{"line":43,"column":28},"end":{"line":43,"column":null}}],"line":43},"13":{"loc":{"start":{"line":44,"column":15},"end":{"line":44,"column":null}},"type":"cond-expr","locations":[{"start":{"line":44,"column":24},"end":{"line":44,"column":58}},{"start":{"line":44,"column":58},"end":{"line":44,"column":null}}],"line":44},"14":{"loc":{"start":{"line":45,"column":15},"end":{"line":45,"column":null}},"type":"binary-expr","locations":[{"start":{"line":45,"column":15},"end":{"line":45,"column":25}},{"start":{"line":45,"column":25},"end":{"line":45,"column":null}}],"line":45}},"s":{"0":1,"1":4,"2":4,"3":4,"4":1,"5":1,"6":3,"7":2,"8":1,"9":1,"10":4,"11":4,"12":4},"f":{"0":4,"1":4,"2":1},"b":{"0":[1,3],"1":[1,0],"2":[2,1],"3":[0,1],"4":[1,0],"5":[1,0,0],"6":[0,4],"7":[4,0],"8":[4,0,0],"9":[4,1],"10":[4,3],"11":[1,3],"12":[4,1],"13":[3,1],"14":[4,1]},"meta":{"lastBranch":15,"lastFunction":3,"lastStatement":13,"seen":{"s:10:33:54:Infinity":0,"f:10:33:10:Infinity":0,"s:16:2:53:Infinity":1,"f:16:25:16:26":1,"s:17:17:17:Infinity":2,"b:18:4:27:Infinity:20:4:27:Infinity":0,"s:18:4:27:Infinity":3,"s:19:6:19:Infinity":4,"b:19:15:19:75:19:75:19:Infinity":1,"f:19:26:19:27":2,"s:19:36:19:64":5,"b:20:4:27:Infinity:22:11:27:Infinity":2,"s:20:4:27:Infinity":6,"s:21:6:21:Infinity":7,"s:23:23:23:Infinity":8,"b:23:51:23:67:23:67:23:Infinity":3,"s:24:6:26:Infinity":9,"b:25:10:25:Infinity:26:10:26:Infinity":4,"b:25:10:25:32:25:32:25:50:25:50:25:Infinity":5,"s:29:21:29:Infinity":10,"b:29:47:29:61:29:61:29:Infinity":6,"s:30:23:32:Infinity":11,"b:31:8:31:Infinity:32:8:32:Infinity":7,"b:31:8:31:30:31:30:31:48:31:48:31:Infinity":8,"s:34:4:52:Infinity":12,"b:37:19:37:36:37:36:37:Infinity":9,"b:38:22:38:42:38:42:38:Infinity":10,"b:39:43:39:53:39:53:39:Infinity":11,"b:43:15:43:28:43:28:43:Infinity":12,"b:44:24:44:58:44:58:44:Infinity":13,"b:45:15:45:25:45:25:45:Infinity":14}}}
,"C:\\Users\\devver\\Downloads\\yntra_plattform\\src\\features\\notes\\index.ts": {"path":"C:\\Users\\devver\\Downloads\\yntra_plattform\\src\\features\\notes\\index.ts","statementMap":{"0":{"start":{"line":4,"column":6},"end":{"line":8,"column":null}},"1":{"start":{"line":5,"column":2},"end":{"line":7,"column":null}},"2":{"start":{"line":5,"column":53},"end":{"line":7,"column":4}},"3":{"start":{"line":10,"column":40},"end":{"line":33,"column":null}}},"fnMap":{"0":{"name":"(anonymous_0)","decl":{"start":{"line":4,"column":23},"end":{"line":4,"column":null}},"loc":{"start":{"line":5,"column":2},"end":{"line":7,"column":null}},"line":5},"1":{"name":"(anonymous_1)","decl":{"start":{"line":5,"column":53},"end":{"line":5,"column":null}},"loc":{"start":{"line":5,"column":53},"end":{"line":7,"column":4}},"line":5}},"branchMap":{},"s":{"0":1,"1":0,"2":0,"3":1},"f":{"0":0,"1":0},"b":{},"meta":{"lastBranch":0,"lastFunction":2,"lastStatement":4,"seen":{"s:4:6:8:Infinity":0,"f:4:23:4:Infinity":0,"s:5:2:7:Infinity":1,"f:5:53:5:Infinity":1,"s:5:53:7:4":2,"s:10:40:33:Infinity":3}}}
,"C:\\Users\\devver\\Downloads\\yntra_plattform\\src\\features\\reporting\\index.ts": {"path":"C:\\Users\\devver\\Downloads\\yntra_plattform\\src\\features\\reporting\\index.ts","statementMap":{"0":{"start":{"line":4,"column":6},"end":{"line":8,"column":null}},"1":{"start":{"line":5,"column":2},"end":{"line":7,"column":null}},"2":{"start":{"line":5,"column":57},"end":{"line":7,"column":4}},"3":{"start":{"line":10,"column":44},"end":{"line":32,"column":null}}},"fnMap":{"0":{"name":"(anonymous_0)","decl":{"start":{"line":4,"column":27},"end":{"line":4,"column":null}},"loc":{"start":{"line":5,"column":2},"end":{"line":7,"column":null}},"line":5},"1":{"name":"(anonymous_1)","decl":{"start":{"line":5,"column":57},"end":{"line":5,"column":null}},"loc":{"start":{"line":5,"column":57},"end":{"line":7,"column":4}},"line":5}},"branchMap":{},"s":{"0":1,"1":0,"2":0,"3":1},"f":{"0":0,"1":0},"b":{},"meta":{"lastBranch":0,"lastFunction":2,"lastStatement":4,"seen":{"s:4:6:8:Infinity":0,"f:4:27:4:Infinity":0,"s:5:2:7:Infinity":1,"f:5:57:5:Infinity":1,"s:5:57:7:4":2,"s:10:44:32:Infinity":3}}}
,"C:\\Users\\devver\\Downloads\\yntra_plattform\\src\\features\\scheduler\\index.ts": {"path":"C:\\Users\\devver\\Downloads\\yntra_plattform\\src\\features\\scheduler\\index.ts","statementMap":{"0":{"start":{"line":4,"column":6},"end":{"line":8,"column":null}},"1":{"start":{"line":5,"column":2},"end":{"line":7,"column":null}},"2":{"start":{"line":5,"column":67},"end":{"line":7,"column":4}},"3":{"start":{"line":10,"column":45},"end":{"line":47,"column":null}}},"fnMap":{"0":{"name":"(anonymous_0)","decl":{"start":{"line":4,"column":26},"end":{"line":4,"column":null}},"loc":{"start":{"line":5,"column":2},"end":{"line":7,"column":null}},"line":5},"1":{"name":"(anonymous_1)","decl":{"start":{"line":5,"column":67},"end":{"line":5,"column":null}},"loc":{"start":{"line":5,"column":67},"end":{"line":7,"column":4}},"line":5}},"branchMap":{},"s":{"0":1,"1":0,"2":0,"3":1},"f":{"0":0,"1":0},"b":{},"meta":{"lastBranch":0,"lastFunction":2,"lastStatement":4,"seen":{"s:4:6:8:Infinity":0,"f:4:26:4:Infinity":0,"s:5:2:7:Infinity":1,"f:5:67:5:Infinity":1,"s:5:67:7:4":2,"s:10:45:47:Infinity":3}}}
,"C:\\Users\\devver\\Downloads\\yntra_plattform\\src\\features\\scheduler\\components\\Sidebar.tsx": {"path":"C:\\Users\\devver\\Downloads\\yntra_plattform\\src\\features\\scheduler\\components\\Sidebar.tsx","statementMap":{"0":{"start":{"line":54,"column":0},"end":{"line":134,"column":null}},"1":{"start":{"line":62,"column":0},"end":{"line":62,"column":null}},"2":{"start":{"line":63,"column":0},"end":{"line":63,"column":null}},"3":{"start":{"line":65,"column":0},"end":{"line":132,"column":null}},"4":{"start":{"line":69,"column":0},"end":{"line":69,"column":null}},"5":{"start":{"line":113,"column":0},"end":{"line":128,"column":null}},"6":{"start":{"line":116,"column":0},"end":{"line":116,"column":null}},"7":{"start":{"line":117,"column":0},"end":{"line":117,"column":null}},"8":{"start":{"line":145,"column":0},"end":{"line":365,"column":null}},"9":{"start":{"line":146,"column":0},"end":{"line":146,"column":null}},"10":{"start":{"line":147,"column":0},"end":{"line":147,"column":null}},"11":{"start":{"line":148,"column":0},"end":{"line":148,"column":null}},"12":{"start":{"line":149,"column":0},"end":{"line":149,"column":null}},"13":{"start":{"line":151,"column":0},"end":{"line":151,"column":null}},"14":{"start":{"line":153,"column":0},"end":{"line":153,"column":null}},"15":{"start":{"line":154,"column":0},"end":{"line":163,"column":null}},"16":{"start":{"line":155,"column":0},"end":{"line":162,"column":null}},"17":{"start":{"line":156,"column":0},"end":{"line":161,"column":null}},"18":{"start":{"line":160,"column":0},"end":{"line":160,"column":null}},"19":{"start":{"line":165,"column":0},"end":{"line":165,"column":null}},"20":{"start":{"line":167,"column":0},"end":{"line":180,"column":null}},"21":{"start":{"line":169,"column":0},"end":{"line":169,"column":null}},"22":{"start":{"line":170,"column":0},"end":{"line":175,"column":null}},"23":{"start":{"line":177,"column":0},"end":{"line":177,"column":null}},"24":{"start":{"line":179,"column":0},"end":{"line":179,"column":null}},"25":{"start":{"line":182,"column":0},"end":{"line":182,"column":null}},"26":{"start":{"line":184,"column":0},"end":{"line":184,"column":null}},"27":{"start":{"line":187,"column":0},"end":{"line":197,"column":null}},"28":{"start":{"line":188,"column":0},"end":{"line":193,"column":null}},"29":{"start":{"line":189,"column":0},"end":{"line":192,"column":null}},"30":{"start":{"line":190,"column":0},"end":{"line":190,"column":null}},"31":{"start":{"line":191,"column":0},"end":{"line":191,"column":null}},"32":{"start":{"line":195,"column":0},"end":{"line":195,"column":null}},"33":{"start":{"line":196,"column":0},"end":{"line":196,"column":null}},"34":{"start":{"line":199,"column":0},"end":{"line":226,"column":null}},"35":{"start":{"line":200,"column":0},"end":{"line":200,"column":null}},"36":{"start":{"line":202,"column":0},"end":{"line":225,"column":null}},"37":{"start":{"line":204,"column":0},"end":{"line":204,"column":null}},"38":{"start":{"line":205,"column":0},"end":{"line":205,"column":null}},"39":{"start":{"line":208,"column":0},"end":{"line":208,"column":null}},"40":{"start":{"line":209,"column":0},"end":{"line":209,"column":null}},"41":{"start":{"line":210,"column":0},"end":{"line":210,"column":null}},"42":{"start":{"line":212,"column":0},"end":{"line":224,"column":null}},"43":{"start":{"line":218,"column":0},"end":{"line":218,"column":null}},"44":{"start":{"line":219,"column":0},"end":{"line":223,"column":null}},"45":{"start":{"line":231,"column":0},"end":{"line":241,"column":null}},"46":{"start":{"line":232,"column":0},"end":{"line":240,"column":null}},"47":{"start":{"line":233,"column":0},"end":{"line":233,"column":null}},"48":{"start":{"line":234,"column":0},"end":{"line":238,"column":null}},"49":{"start":{"line":235,"column":0},"end":{"line":235,"column":null}},"50":{"start":{"line":237,"column":0},"end":{"line":237,"column":null}},"51":{"start":{"line":239,"column":0},"end":{"line":239,"column":null}},"52":{"start":{"line":243,"column":0},"end":{"line":363,"column":null}},"53":{"start":{"line":285,"column":0},"end":{"line":285,"column":null}},"54":{"start":{"line":288,"column":0},"end":{"line":290,"column":null}},"55":{"start":{"line":303,"column":0},"end":{"line":303,"column":null}},"56":{"start":{"line":320,"column":0},"end":{"line":327,"column":null}},"57":{"start":{"line":325,"column":0},"end":{"line":325,"column":null}},"58":{"start":{"line":346,"column":0},"end":{"line":357,"column":null}}},"fnMap":{"0":{"name":"(anonymous_0)","decl":{"start":{"line":54,"column":0},"end":{"line":54,"column":null}},"loc":{"start":{"line":61,"column":0},"end":{"line":134,"column":null}},"line":61},"1":{"name":"(anonymous_1)","decl":{"start":{"line":69,"column":0},"end":{"line":69,"column":null}},"loc":{"start":{"line":69,"column":0},"end":{"line":69,"column":null}},"line":69},"2":{"name":"(anonymous_2)","decl":{"start":{"line":112,"column":0},"end":{"line":112,"column":null}},"loc":{"start":{"line":113,"column":0},"end":{"line":128,"column":null}},"line":113},"3":{"name":"(anonymous_3)","decl":{"start":{"line":115,"column":0},"end":{"line":115,"column":null}},"loc":{"start":{"line":115,"column":0},"end":{"line":118,"column":null}},"line":115},"4":{"name":"(anonymous_4)","decl":{"start":{"line":145,"column":0},"end":{"line":145,"column":null}},"loc":{"start":{"line":145,"column":0},"end":{"line":365,"column":null}},"line":145},"5":{"name":"(anonymous_5)","decl":{"start":{"line":154,"column":0},"end":{"line":154,"column":null}},"loc":{"start":{"line":154,"column":0},"end":{"line":163,"column":null}},"line":154},"6":{"name":"(anonymous_6)","decl":{"start":{"line":159,"column":0},"end":{"line":159,"column":null}},"loc":{"start":{"line":159,"column":0},"end":{"line":161,"column":null}},"line":159},"7":{"name":"(anonymous_7)","decl":{"start":{"line":167,"column":0},"end":{"line":167,"column":null}},"loc":{"start":{"line":167,"column":0},"end":{"line":180,"column":null}},"line":167},"8":{"name":"fetchUnreadCounts","decl":{"start":{"line":168,"column":0},"end":{"line":168,"column":null}},"loc":{"start":{"line":168,"column":0},"end":{"line":178,"column":null}},"line":168},"9":{"name":"(anonymous_9)","decl":{"start":{"line":187,"column":0},"end":{"line":187,"column":null}},"loc":{"start":{"line":187,"column":0},"end":{"line":197,"column":null}},"line":187},"10":{"name":"(anonymous_10)","decl":{"start":{"line":188,"column":0},"end":{"line":188,"column":null}},"loc":{"start":{"line":188,"column":0},"end":{"line":193,"column":null}},"line":188},"11":{"name":"(anonymous_11)","decl":{"start":{"line":196,"column":0},"end":{"line":196,"column":null}},"loc":{"start":{"line":196,"column":0},"end":{"line":196,"column":null}},"line":196},"12":{"name":"(anonymous_12)","decl":{"start":{"line":199,"column":0},"end":{"line":199,"column":null}},"loc":{"start":{"line":199,"column":0},"end":{"line":226,"column":null}},"line":199},"13":{"name":"(anonymous_13)","decl":{"start":{"line":203,"column":0},"end":{"line":203,"column":null}},"loc":{"start":{"line":203,"column":0},"end":{"line":206,"column":null}},"line":203},"14":{"name":"(anonymous_14)","decl":{"start":{"line":207,"column":0},"end":{"line":207,"column":null}},"loc":{"start":{"line":207,"column":0},"end":{"line":225,"column":null}},"line":207},"15":{"name":"(anonymous_15)","decl":{"start":{"line":218,"column":0},"end":{"line":218,"column":null}},"loc":{"start":{"line":218,"column":0},"end":{"line":218,"column":null}},"line":218},"16":{"name":"(anonymous_16)","decl":{"start":{"line":219,"column":0},"end":{"line":219,"column":null}},"loc":{"start":{"line":219,"column":0},"end":{"line":223,"column":null}},"line":219},"17":{"name":"(anonymous_17)","decl":{"start":{"line":231,"column":0},"end":{"line":231,"column":null}},"loc":{"start":{"line":231,"column":0},"end":{"line":241,"column":null}},"line":231},"18":{"name":"(anonymous_18)","decl":{"start":{"line":232,"column":0},"end":{"line":232,"column":null}},"loc":{"start":{"line":232,"column":0},"end":{"line":240,"column":null}},"line":232},"19":{"name":"(anonymous_19)","decl":{"start":{"line":285,"column":0},"end":{"line":285,"column":null}},"loc":{"start":{"line":285,"column":0},"end":{"line":285,"column":null}},"line":285},"20":{"name":"(anonymous_20)","decl":{"start":{"line":287,"column":0},"end":{"line":287,"column":null}},"loc":{"start":{"line":288,"column":0},"end":{"line":290,"column":null}},"line":288},"21":{"name":"(anonymous_21)","decl":{"start":{"line":303,"column":0},"end":{"line":303,"column":null}},"loc":{"start":{"line":303,"column":0},"end":{"line":303,"column":null}},"line":303},"22":{"name":"(anonymous_22)","decl":{"start":{"line":319,"column":0},"end":{"line":319,"column":null}},"loc":{"start":{"line":320,"column":0},"end":{"line":327,"column":null}},"line":320},"23":{"name":"(anonymous_23)","decl":{"start":{"line":325,"column":0},"end":{"line":325,"column":null}},"loc":{"start":{"line":325,"column":0},"end":{"line":325,"column":null}},"line":325},"24":{"name":"(anonymous_24)","decl":{"start":{"line":345,"column":0},"end":{"line":345,"column":null}},"loc":{"start":{"line":346,"column":0},"end":{"line":357,"column":null}},"line":346}},"branchMap":{"0":{"loc":{"start":{"line":60,"column":0},"end":{"line":60,"column":null}},"type":"default-arg","locations":[{"start":{"line":60,"column":0},"end":{"line":60,"column":null}}],"line":60},"1":{"loc":{"start":{"line":62,"column":0},"end":{"line":62,"column":null}},"type":"binary-expr","locations":[{"start":{"line":62,"column":0},"end":{"line":62,"column":null}},{"start":{"line":62,"column":0},"end":{"line":62,"column":null}}],"line":62},"2":{"loc":{"start":{"line":69,"column":0},"end":{"line":69,"column":null}},"type":"cond-expr","locations":[{"start":{"line":69,"column":0},"end":{"line":69,"column":null}},{"start":{"line":69,"column":0},"end":{"line":69,"column":null}}],"line":69},"3":{"loc":{"start":{"line":74,"column":0},"end":{"line":74,"column":null}},"type":"binary-expr","locations":[{"start":{"line":74,"column":0},"end":{"line":74,"column":null}},{"start":{"line":74,"column":0},"end":{"line":74,"column":null}}],"line":74},"4":{"loc":{"start":{"line":75,"column":0},"end":{"line":75,"column":null}},"type":"binary-expr","locations":[{"start":{"line":75,"column":0},"end":{"line":75,"column":null}},{"start":{"line":75,"column":0},"end":{"line":75,"column":null}}],"line":75},"5":{"loc":{"start":{"line":79,"column":0},"end":{"line":86,"column":null}},"type":"binary-expr","locations":[{"start":{"line":79,"column":0},"end":{"line":79,"column":null}},{"start":{"line":80,"column":0},"end":{"line":86,"column":null}}],"line":79},"6":{"loc":{"start":{"line":81,"column":0},"end":{"line":84,"column":null}},"type":"cond-expr","locations":[{"start":{"line":82,"column":0},"end":{"line":82,"column":null}},{"start":{"line":84,"column":0},"end":{"line":84,"column":null}}],"line":81},"7":{"loc":{"start":{"line":90,"column":0},"end":{"line":90,"column":null}},"type":"binary-expr","locations":[{"start":{"line":90,"column":0},"end":{"line":90,"column":30}},{"start":{"line":90,"column":0},"end":{"line":90,"column":null}}],"line":90},"8":{"loc":{"start":{"line":99,"column":0},"end":{"line":105,"column":null}},"type":"binary-expr","locations":[{"start":{"line":99,"column":0},"end":{"line":99,"column":null}},{"start":{"line":100,"column":0},"end":{"line":105,"column":null}}],"line":99},"9":{"loc":{"start":{"line":110,"column":0},"end":{"line":130,"column":null}},"type":"binary-expr","locations":[{"start":{"line":110,"column":0},"end":{"line":110,"column":null}},{"start":{"line":110,"column":0},"end":{"line":110,"column":null}},{"start":{"line":111,"column":0},"end":{"line":130,"column":null}}],"line":110},"10":{"loc":{"start":{"line":123,"column":0},"end":{"line":123,"column":null}},"type":"binary-expr","locations":[{"start":{"line":123,"column":0},"end":{"line":123,"column":null}},{"start":{"line":123,"column":0},"end":{"line":123,"column":null}}],"line":123},"11":{"loc":{"start":{"line":151,"column":0},"end":{"line":151,"column":null}},"type":"binary-expr","locations":[{"start":{"line":151,"column":0},"end":{"line":151,"column":null}},{"start":{"line":151,"column":0},"end":{"line":151,"column":null}}],"line":151},"12":{"loc":{"start":{"line":155,"column":0},"end":{"line":162,"column":null}},"type":"if","locations":[{"start":{"line":155,"column":0},"end":{"line":162,"column":null}},{"start":{},"end":{}}],"line":155},"13":{"loc":{"start":{"line":155,"column":0},"end":{"line":155,"column":null}},"type":"binary-expr","locations":[{"start":{"line":155,"column":0},"end":{"line":155,"column":null}},{"start":{"line":155,"column":0},"end":{"line":155,"column":null}}],"line":155},"14":{"loc":{"start":{"line":160,"column":0},"end":{"line":160,"column":null}},"type":"if","locations":[{"start":{"line":160,"column":0},"end":{"line":160,"column":null}},{"start":{},"end":{}}],"line":160},"15":{"loc":{"start":{"line":160,"column":0},"end":{"line":160,"column":null}},"type":"binary-expr","locations":[{"start":{"line":160,"column":0},"end":{"line":160,"column":null}},{"start":{"line":160,"column":0},"end":{"line":160,"column":null}}],"line":160},"16":{"loc":{"start":{"line":169,"column":0},"end":{"line":169,"column":null}},"type":"if","locations":[{"start":{"line":169,"column":0},"end":{"line":169,"column":null}},{"start":{},"end":{}}],"line":169},"17":{"loc":{"start":{"line":169,"column":0},"end":{"line":169,"column":null}},"type":"binary-expr","locations":[{"start":{"line":169,"column":0},"end":{"line":169,"column":null}},{"start":{"line":169,"column":0},"end":{"line":169,"column":null}}],"line":169},"18":{"loc":{"start":{"line":177,"column":0},"end":{"line":177,"column":null}},"type":"if","locations":[{"start":{"line":177,"column":0},"end":{"line":177,"column":null}},{"start":{},"end":{}}],"line":177},"19":{"loc":{"start":{"line":189,"column":0},"end":{"line":192,"column":null}},"type":"if","locations":[{"start":{"line":189,"column":0},"end":{"line":192,"column":null}},{"start":{},"end":{}}],"line":189},"20":{"loc":{"start":{"line":189,"column":0},"end":{"line":189,"column":null}},"type":"binary-expr","locations":[{"start":{"line":189,"column":0},"end":{"line":189,"column":null}},{"start":{"line":189,"column":0},"end":{"line":189,"column":null}},{"start":{"line":189,"column":0},"end":{"line":189,"column":null}}],"line":189},"21":{"loc":{"start":{"line":200,"column":0},"end":{"line":200,"column":null}},"type":"if","locations":[{"start":{"line":200,"column":0},"end":{"line":200,"column":null}},{"start":{},"end":{}}],"line":200},"22":{"loc":{"start":{"line":204,"column":0},"end":{"line":204,"column":null}},"type":"if","locations":[{"start":{"line":204,"column":0},"end":{"line":204,"column":null}},{"start":{},"end":{}}],"line":204},"23":{"loc":{"start":{"line":209,"column":0},"end":{"line":209,"column":null}},"type":"if","locations":[{"start":{"line":209,"column":0},"end":{"line":209,"column":null}},{"start":{},"end":{}}],"line":209},"24":{"loc":{"start":{"line":209,"column":0},"end":{"line":209,"column":null}},"type":"cond-expr","locations":[{"start":{"line":209,"column":0},"end":{"line":209,"column":null}},{"start":{"line":209,"column":0},"end":{"line":209,"column":null}}],"line":209},"25":{"loc":{"start":{"line":210,"column":0},"end":{"line":210,"column":null}},"type":"if","locations":[{"start":{"line":210,"column":0},"end":{"line":210,"column":null}},{"start":{},"end":{}}],"line":210},"26":{"loc":{"start":{"line":210,"column":0},"end":{"line":210,"column":null}},"type":"cond-expr","locations":[{"start":{"line":210,"column":0},"end":{"line":210,"column":null}},{"start":{"line":210,"column":0},"end":{"line":210,"column":null}}],"line":210},"27":{"loc":{"start":{"line":218,"column":0},"end":{"line":218,"column":null}},"type":"binary-expr","locations":[{"start":{"line":218,"column":0},"end":{"line":218,"column":null}},{"start":{"line":218,"column":0},"end":{"line":218,"column":null}}],"line":218},"28":{"loc":{"start":{"line":234,"column":0},"end":{"line":238,"column":null}},"type":"if","locations":[{"start":{"line":234,"column":0},"end":{"line":238,"column":null}},{"start":{"line":236,"column":0},"end":{"line":238,"column":null}}],"line":234},"29":{"loc":{"start":{"line":251,"column":0},"end":{"line":275,"column":null}},"type":"cond-expr","locations":[{"start":{"line":252,"column":0},"end":{"line":258,"column":null}},{"start":{"line":260,"column":0},"end":{"line":275,"column":null}}],"line":251},"30":{"loc":{"start":{"line":279,"column":0},"end":{"line":279,"column":null}},"type":"binary-expr","locations":[{"start":{"line":279,"column":0},"end":{"line":279,"column":null}},{"start":{"line":279,"column":0},"end":{"line":279,"column":null}}],"line":279},"31":{"loc":{"start":{"line":281,"column":0},"end":{"line":294,"column":null}},"type":"cond-expr","locations":[{"start":{"line":282,"column":0},"end":{"line":292,"column":null}},{"start":{"line":294,"column":0},"end":{"line":294,"column":null}}],"line":281},"32":{"loc":{"start":{"line":284,"column":0},"end":{"line":284,"column":null}},"type":"binary-expr","locations":[{"start":{"line":284,"column":0},"end":{"line":284,"column":null}},{"start":{"line":284,"column":0},"end":{"line":284,"column":null}}],"line":284},"33":{"loc":{"start":{"line":315,"column":0},"end":{"line":315,"column":null}},"type":"binary-expr","locations":[{"start":{"line":315,"column":0},"end":{"line":315,"column":31}},{"start":{"line":315,"column":0},"end":{"line":315,"column":null}}],"line":315},"34":{"loc":{"start":{"line":333,"column":0},"end":{"line":360,"column":null}},"type":"binary-expr","locations":[{"start":{"line":333,"column":0},"end":{"line":333,"column":null}},{"start":{"line":334,"column":0},"end":{"line":360,"column":null}}],"line":333}},"s":{"0":1,"1":16,"2":16,"3":16,"4":1,"5":0,"6":0,"7":0,"8":1,"9":4,"10":4,"11":4,"12":4,"13":4,"14":4,"15":4,"16":4,"17":0,"18":0,"19":4,"20":4,"21":0,"22":4,"23":4,"24":4,"25":4,"26":4,"27":4,"28":4,"29":0,"30":0,"31":0,"32":4,"33":4,"34":4,"35":12,"36":16,"37":16,"38":0,"39":16,"40":4,"41":4,"42":16,"43":8,"44":4,"45":4,"46":0,"47":0,"48":0,"49":0,"50":0,"51":0,"52":4,"53":0,"54":0,"55":0,"56":16,"57":0,"58":20},"f":{"0":16,"1":1,"2":0,"3":0,"4":4,"5":4,"6":0,"7":4,"8":4,"9":4,"10":0,"11":4,"12":28,"13":16,"14":16,"15":8,"16":4,"17":0,"18":0,"19":0,"20":0,"21":0,"22":16,"23":0,"24":20},"b":{"0":[16],"1":[16,4],"2":[4,1],"3":[16,0],"4":[16,0],"5":[16,4],"6":[0,4],"7":[16,12],"8":[16,4],"9":[16,4,0],"10":[0,0],"11":[4,0],"12":[0,4],"13":[4,0],"14":[0,0],"15":[0,0],"16":[0,4],"17":[4,4],"18":[4,0],"19":[0,0],"20":[0,0,0],"21":[12,16],"22":[16,0],"23":[4,12],"24":[0,4],"25":[4,12],"26":[4,0],"27":[8,4],"28":[0,0],"29":[0,4],"30":[4,4],"31":[0,4],"32":[0,0],"33":[4,4],"34":[4,4]},"meta":{"lastBranch":35,"lastFunction":25,"lastStatement":59,"seen":{"s:54:0:134:Infinity":0,"f:54:0:54:Infinity":0,"b:60:0:60:Infinity":0,"s:62:0:62:Infinity":1,"b:62:0:62:Infinity:62:0:62:Infinity":1,"s:63:0:63:Infinity":2,"s:65:0:132:Infinity":3,"b:69:0:69:Infinity:69:0:69:Infinity":2,"f:69:0:69:Infinity":1,"s:69:0:69:Infinity":4,"b:74:0:74:Infinity:74:0:74:Infinity":3,"b:75:0:75:Infinity:75:0:75:Infinity":4,"b:79:0:79:Infinity:80:0:86:Infinity":5,"b:82:0:82:Infinity:84:0:84:Infinity":6,"b:90:0:90:30:90:0:90:Infinity":7,"b:99:0:99:Infinity:100:0:105:Infinity":8,"b:110:0:110:Infinity:110:0:110:Infinity:111:0:130:Infinity":9,"f:112:0:112:Infinity":2,"s:113:0:128:Infinity":5,"f:115:0:115:Infinity":3,"s:116:0:116:Infinity":6,"s:117:0:117:Infinity":7,"b:123:0:123:Infinity:123:0:123:Infinity":10,"s:145:0:365:Infinity":8,"f:145:0:145:Infinity":4,"s:146:0:146:Infinity":9,"s:147:0:147:Infinity":10,"s:148:0:148:Infinity":11,"s:149:0:149:Infinity":12,"s:151:0:151:Infinity":13,"b:151:0:151:Infinity:151:0:151:Infinity":11,"s:153:0:153:Infinity":14,"s:154:0:163:Infinity":15,"f:154:0:154:Infinity":5,"b:155:0:162:Infinity:undefined:undefined:undefined:undefined":12,"s:155:0:162:Infinity":16,"b:155:0:155:Infinity:155:0:155:Infinity":13,"s:156:0:161:Infinity":17,"f:159:0:159:Infinity":6,"b:160:0:160:Infinity:undefined:undefined:undefined:undefined":14,"s:160:0:160:Infinity":18,"b:160:0:160:Infinity:160:0:160:Infinity":15,"s:165:0:165:Infinity":19,"s:167:0:180:Infinity":20,"f:167:0:167:Infinity":7,"f:168:0:168:Infinity":8,"b:169:0:169:Infinity:undefined:undefined:undefined:undefined":16,"s:169:0:169:Infinity":21,"b:169:0:169:Infinity:169:0:169:Infinity":17,"s:170:0:175:Infinity":22,"b:177:0:177:Infinity:undefined:undefined:undefined:undefined":18,"s:177:0:177:Infinity":23,"s:179:0:179:Infinity":24,"s:182:0:182:Infinity":25,"s:184:0:184:Infinity":26,"s:187:0:197:Infinity":27,"f:187:0:187:Infinity":9,"s:188:0:193:Infinity":28,"f:188:0:188:Infinity":10,"b:189:0:192:Infinity:undefined:undefined:undefined:undefined":19,"s:189:0:192:Infinity":29,"b:189:0:189:Infinity:189:0:189:Infinity:189:0:189:Infinity":20,"s:190:0:190:Infinity":30,"s:191:0:191:Infinity":31,"s:195:0:195:Infinity":32,"s:196:0:196:Infinity":33,"f:196:0:196:Infinity":11,"s:199:0:226:Infinity":34,"f:199:0:199:Infinity":12,"b:200:0:200:Infinity:undefined:undefined:undefined:undefined":21,"s:200:0:200:Infinity":35,"s:202:0:225:Infinity":36,"f:203:0:203:Infinity":13,"b:204:0:204:Infinity:undefined:undefined:undefined:undefined":22,"s:204:0:204:Infinity":37,"s:205:0:205:Infinity":38,"f:207:0:207:Infinity":14,"s:208:0:208:Infinity":39,"b:209:0:209:Infinity:undefined:undefined:undefined:undefined":23,"s:209:0:209:Infinity":40,"b:209:0:209:Infinity:209:0:209:Infinity":24,"b:210:0:210:Infinity:undefined:undefined:undefined:undefined":25,"s:210:0:210:Infinity":41,"b:210:0:210:Infinity:210:0:210:Infinity":26,"s:212:0:224:Infinity":42,"f:218:0:218:Infinity":15,"s:218:0:218:Infinity":43,"b:218:0:218:Infinity:218:0:218:Infinity":27,"f:219:0:219:Infinity":16,"s:219:0:223:Infinity":44,"s:231:0:241:Infinity":45,"f:231:0:231:Infinity":17,"s:232:0:240:Infinity":46,"f:232:0:232:Infinity":18,"s:233:0:233:Infinity":47,"b:234:0:238:Infinity:236:0:238:Infinity":28,"s:234:0:238:Infinity":48,"s:235:0:235:Infinity":49,"s:237:0:237:Infinity":50,"s:239:0:239:Infinity":51,"s:243:0:363:Infinity":52,"b:252:0:258:Infinity:260:0:275:Infinity":29,"b:279:0:279:Infinity:279:0:279:Infinity":30,"b:282:0:292:Infinity:294:0:294:Infinity":31,"b:284:0:284:Infinity:284:0:284:Infinity":32,"f:285:0:285:Infinity":19,"s:285:0:285:Infinity":53,"f:287:0:287:Infinity":20,"s:288:0:290:Infinity":54,"f:303:0:303:Infinity":21,"s:303:0:303:Infinity":55,"b:315:0:315:31:315:0:315:Infinity":33,"f:319:0:319:Infinity":22,"s:320:0:327:Infinity":56,"f:325:0:325:Infinity":23,"s:325:0:325:Infinity":57,"b:333:0:333:Infinity:334:0:360:Infinity":34,"f:345:0:345:Infinity":24,"s:346:0:357:Infinity":58}}}
,"C:\\Users\\devver\\Downloads\\yntra_plattform\\src\\features\\scheduler\\components\\TeamSwitcher.tsx": {"path":"C:\\Users\\devver\\Downloads\\yntra_plattform\\src\\features\\scheduler\\components\\TeamSwitcher.tsx","statementMap":{"0":{"start":{"line":15,"column":0},"end":{"line":62,"column":null}},"1":{"start":{"line":16,"column":0},"end":{"line":16,"column":null}},"2":{"start":{"line":17,"column":0},"end":{"line":17,"column":null}},"3":{"start":{"line":18,"column":0},"end":{"line":18,"column":null}},"4":{"start":{"line":20,"column":0},"end":{"line":22,"column":null}},"5":{"start":{"line":21,"column":0},"end":{"line":21,"column":null}},"6":{"start":{"line":24,"column":0},"end":{"line":60,"column":null}},"7":{"start":{"line":34,"column":0},"end":{"line":34,"column":null}},"8":{"start":{"line":47,"column":0},"end":{"line":56,"column":null}}},"fnMap":{"0":{"name":"(anonymous_0)","decl":{"start":{"line":15,"column":0},"end":{"line":15,"column":null}},"loc":{"start":{"line":15,"column":0},"end":{"line":62,"column":null}},"line":15},"1":{"name":"(anonymous_1)","decl":{"start":{"line":34,"column":0},"end":{"line":34,"column":null}},"loc":{"start":{"line":34,"column":0},"end":{"line":34,"column":null}},"line":34},"2":{"name":"(anonymous_2)","decl":{"start":{"line":46,"column":0},"end":{"line":46,"column":null}},"loc":{"start":{"line":47,"column":0},"end":{"line":56,"column":null}},"line":47}},"branchMap":{"0":{"loc":{"start":{"line":18,"column":0},"end":{"line":18,"column":null}},"type":"default-arg","locations":[{"start":{"line":18,"column":0},"end":{"line":18,"column":null}}],"line":18},"1":{"loc":{"start":{"line":20,"column":0},"end":{"line":22,"column":null}},"type":"if","locations":[{"start":{"line":20,"column":0},"end":{"line":22,"column":null}},{"start":{},"end":{}}],"line":20},"2":{"loc":{"start":{"line":29,"column":0},"end":{"line":29,"column":null}},"type":"binary-expr","locations":[{"start":{"line":29,"column":0},"end":{"line":29,"column":null}},{"start":{"line":29,"column":0},"end":{"line":29,"column":null}}],"line":29},"3":{"loc":{"start":{"line":33,"column":0},"end":{"line":33,"column":null}},"type":"binary-expr","locations":[{"start":{"line":33,"column":0},"end":{"line":33,"column":null}},{"start":{"line":33,"column":0},"end":{"line":33,"column":null}}],"line":33},"4":{"loc":{"start":{"line":34,"column":0},"end":{"line":34,"column":null}},"type":"cond-expr","locations":[{"start":{"line":34,"column":0},"end":{"line":34,"column":null}},{"start":{"line":34,"column":0},"end":{"line":34,"column":null}}],"line":34},"5":{"loc":{"start":{"line":37,"column":22},"end":{"line":37,"column":null}},"type":"binary-expr","locations":[{"start":{"line":37,"column":22},"end":{"line":37,"column":null}},{"start":{"line":37,"column":22},"end":{"line":37,"column":null}}],"line":37},"6":{"loc":{"start":{"line":43,"column":19},"end":{"line":43,"column":null}},"type":"binary-expr","locations":[{"start":{"line":43,"column":19},"end":{"line":43,"column":null}},{"start":{"line":43,"column":19},"end":{"line":43,"column":null}}],"line":43},"7":{"loc":{"start":{"line":50,"column":0},"end":{"line":53,"column":null}},"type":"binary-expr","locations":[{"start":{"line":50,"column":0},"end":{"line":50,"column":null}},{"start":{"line":51,"column":0},"end":{"line":53,"column":null}}],"line":50}},"s":{"0":1,"1":4,"2":4,"3":4,"4":4,"5":1,"6":3,"7":0,"8":0},"f":{"0":4,"1":0,"2":0},"b":{"0":[4],"1":[1,3],"2":[3,0],"3":[4,3],"4":[0,0],"5":[4,0],"6":[4,0],"7":[0,0]},"meta":{"lastBranch":8,"lastFunction":3,"lastStatement":9,"seen":{"s:15:0:62:Infinity":0,"f:15:0:15:Infinity":0,"s:16:0:16:Infinity":1,"s:17:0:17:Infinity":2,"s:18:0:18:Infinity":3,"b:18:0:18:Infinity":0,"b:20:0:22:Infinity:undefined:undefined:undefined:undefined":1,"s:20:0:22:Infinity":4,"s:21:0:21:Infinity":5,"s:24:0:60:Infinity":6,"b:29:0:29:Infinity:29:0:29:Infinity":2,"b:33:0:33:Infinity:33:0:33:Infinity":3,"f:34:0:34:Infinity":1,"s:34:0:34:Infinity":7,"b:34:0:34:Infinity:34:0:34:Infinity":4,"b:37:22:37:Infinity:37:22:37:Infinity":5,"b:43:19:43:Infinity:43:19:43:Infinity":6,"f:46:0:46:Infinity":2,"s:47:0:56:Infinity":8,"b:50:0:50:Infinity:51:0:53:Infinity":7}}}
,"C:\\Users\\devver\\Downloads\\yntra_plattform\\src\\features\\time\\index.ts": {"path":"C:\\Users\\devver\\Downloads\\yntra_plattform\\src\\features\\time\\index.ts","statementMap":{"0":{"start":{"line":4,"column":6},"end":{"line":8,"column":null}},"1":{"start":{"line":5,"column":2},"end":{"line":7,"column":null}},"2":{"start":{"line":5,"column":59},"end":{"line":7,"column":4}},"3":{"start":{"line":10,"column":39},"end":{"line":30,"column":null}}},"fnMap":{"0":{"name":"(anonymous_0)","decl":{"start":{"line":4,"column":29},"end":{"line":4,"column":null}},"loc":{"start":{"line":5,"column":2},"end":{"line":7,"column":null}},"line":5},"1":{"name":"(anonymous_1)","decl":{"start":{"line":5,"column":59},"end":{"line":5,"column":null}},"loc":{"start":{"line":5,"column":59},"end":{"line":7,"column":4}},"line":5}},"branchMap":{},"s":{"0":1,"1":0,"2":0,"3":1},"f":{"0":0,"1":0},"b":{},"meta":{"lastBranch":0,"lastFunction":2,"lastStatement":4,"seen":{"s:4:6:8:Infinity":0,"f:4:29:4:Infinity":0,"s:5:2:7:Infinity":1,"f:5:59:5:Infinity":1,"s:5:59:7:4":2,"s:10:39:30:Infinity":3}}}
,"C:\\Users\\devver\\Downloads\\yntra_plattform\\src\\hooks\\useTeamPermissions.ts": {"path":"C:\\Users\\devver\\Downloads\\yntra_plattform\\src\\hooks\\useTeamPermissions.ts","statementMap":{"0":{"start":{"line":12,"column":45},"end":{"line":17,"column":null}},"1":{"start":{"line":19,"column":42},"end":{"line":24,"column":null}},"2":{"start":{"line":26,"column":34},"end":{"line":92,"column":null}},"3":{"start":{"line":27,"column":15},"end":{"line":27,"column":null}},"4":{"start":{"line":28,"column":36},"end":{"line":28,"column":null}},"5":{"start":{"line":29,"column":28},"end":{"line":29,"column":null}},"6":{"start":{"line":31,"column":2},"end":{"line":89,"column":null}},"7":{"start":{"line":32,"column":4},"end":{"line":36,"column":null}},"8":{"start":{"line":33,"column":6},"end":{"line":33,"column":null}},"9":{"start":{"line":34,"column":6},"end":{"line":34,"column":null}},"10":{"start":{"line":35,"column":6},"end":{"line":35,"column":null}},"11":{"start":{"line":38,"column":18},"end":{"line":38,"column":null}},"12":{"start":{"line":39,"column":4},"end":{"line":43,"column":null}},"13":{"start":{"line":40,"column":6},"end":{"line":40,"column":null}},"14":{"start":{"line":41,"column":6},"end":{"line":41,"column":null}},"15":{"start":{"line":42,"column":6},"end":{"line":42,"column":null}},"16":{"start":{"line":45,"column":4},"end":{"line":49,"column":null}},"17":{"start":{"line":46,"column":6},"end":{"line":46,"column":null}},"18":{"start":{"line":47,"column":6},"end":{"line":47,"column":null}},"19":{"start":{"line":48,"column":6},"end":{"line":48,"column":null}},"20":{"start":{"line":51,"column":26},"end":{"line":86,"column":null}},"21":{"start":{"line":52,"column":6},"end":{"line":85,"column":null}},"22":{"start":{"line":53,"column":8},"end":{"line":53,"column":null}},"23":{"start":{"line":54,"column":33},"end":{"line":59,"column":null}},"24":{"start":{"line":61,"column":8},"end":{"line":78,"column":null}},"25":{"start":{"line":62,"column":37},"end":{"line":66,"column":null}},"26":{"start":{"line":68,"column":10},"end":{"line":77,"column":null}},"27":{"start":{"line":69,"column":12},"end":{"line":74,"column":null}},"28":{"start":{"line":75,"column":12},"end":{"line":75,"column":null}},"29":{"start":{"line":76,"column":12},"end":{"line":76,"column":null}},"30":{"start":{"line":80,"column":8},"end":{"line":80,"column":null}},"31":{"start":{"line":82,"column":8},"end":{"line":82,"column":null}},"32":{"start":{"line":84,"column":8},"end":{"line":84,"column":null}},"33":{"start":{"line":88,"column":4},"end":{"line":88,"column":null}},"34":{"start":{"line":91,"column":2},"end":{"line":91,"column":null}}},"fnMap":{"0":{"name":"(anonymous_0)","decl":{"start":{"line":26,"column":34},"end":{"line":26,"column":35}},"loc":{"start":{"line":26,"column":61},"end":{"line":92,"column":null}},"line":26},"1":{"name":"(anonymous_1)","decl":{"start":{"line":31,"column":12},"end":{"line":31,"column":18}},"loc":{"start":{"line":31,"column":18},"end":{"line":89,"column":5}},"line":31},"2":{"name":"(anonymous_2)","decl":{"start":{"line":51,"column":26},"end":{"line":51,"column":38}},"loc":{"start":{"line":51,"column":38},"end":{"line":86,"column":null}},"line":51}},"branchMap":{"0":{"loc":{"start":{"line":32,"column":4},"end":{"line":36,"column":null}},"type":"if","locations":[{"start":{"line":32,"column":4},"end":{"line":36,"column":null}},{"start":{},"end":{}}],"line":32},"1":{"loc":{"start":{"line":39,"column":4},"end":{"line":43,"column":null}},"type":"if","locations":[{"start":{"line":39,"column":4},"end":{"line":43,"column":null}},{"start":{},"end":{}}],"line":39},"2":{"loc":{"start":{"line":39,"column":8},"end":{"line":39,"column":57}},"type":"binary-expr","locations":[{"start":{"line":39,"column":8},"end":{"line":39,"column":38}},{"start":{"line":39,"column":38},"end":{"line":39,"column":57}}],"line":39},"3":{"loc":{"start":{"line":45,"column":4},"end":{"line":49,"column":null}},"type":"if","locations":[{"start":{"line":45,"column":4},"end":{"line":49,"column":null}},{"start":{},"end":{}}],"line":45},"4":{"loc":{"start":{"line":61,"column":8},"end":{"line":78,"column":null}},"type":"if","locations":[{"start":{"line":61,"column":8},"end":{"line":78,"column":null}},{"start":{},"end":{}}],"line":61},"5":{"loc":{"start":{"line":61,"column":12},"end":{"line":61,"column":38}},"type":"binary-expr","locations":[{"start":{"line":61,"column":12},"end":{"line":61,"column":22}},{"start":{"line":61,"column":22},"end":{"line":61,"column":38}}],"line":61},"6":{"loc":{"start":{"line":68,"column":10},"end":{"line":77,"column":null}},"type":"if","locations":[{"start":{"line":68,"column":10},"end":{"line":77,"column":null}},{"start":{},"end":{}}],"line":68},"7":{"loc":{"start":{"line":68,"column":14},"end":{"line":68,"column":48}},"type":"binary-expr","locations":[{"start":{"line":68,"column":14},"end":{"line":68,"column":26}},{"start":{"line":68,"column":26},"end":{"line":68,"column":48}}],"line":68}},"s":{"0":1,"1":1,"2":1,"3":6,"4":6,"5":6,"6":6,"7":3,"8":1,"9":1,"10":1,"11":2,"12":2,"13":1,"14":1,"15":1,"16":1,"17":0,"18":0,"19":0,"20":1,"21":1,"22":1,"23":1,"24":1,"25":1,"26":1,"27":1,"28":1,"29":1,"30":0,"31":0,"32":1,"33":1,"34":6},"f":{"0":6,"1":3,"2":1},"b":{"0":[1,2],"1":[1,1],"2":[2,1],"3":[0,1],"4":[1,0],"5":[1,1],"6":[1,0],"7":[1,1]},"meta":{"lastBranch":8,"lastFunction":3,"lastStatement":35,"seen":{"s:12:45:17:Infinity":0,"s:19:42:24:Infinity":1,"s:26:34:92:Infinity":2,"f:26:34:26:35":0,"s:27:15:27:Infinity":3,"s:28:36:28:Infinity":4,"s:29:28:29:Infinity":5,"s:31:2:89:Infinity":6,"f:31:12:31:18":1,"b:32:4:36:Infinity:undefined:undefined:undefined:undefined":0,"s:32:4:36:Infinity":7,"s:33:6:33:Infinity":8,"s:34:6:34:Infinity":9,"s:35:6:35:Infinity":10,"s:38:18:38:Infinity":11,"b:39:4:43:Infinity:undefined:undefined:undefined:undefined":1,"s:39:4:43:Infinity":12,"b:39:8:39:38:39:38:39:57":2,"s:40:6:40:Infinity":13,"s:41:6:41:Infinity":14,"s:42:6:42:Infinity":15,"b:45:4:49:Infinity:undefined:undefined:undefined:undefined":3,"s:45:4:49:Infinity":16,"s:46:6:46:Infinity":17,"s:47:6:47:Infinity":18,"s:48:6:48:Infinity":19,"s:51:26:86:Infinity":20,"f:51:26:51:38":2,"s:52:6:85:Infinity":21,"s:53:8:53:Infinity":22,"s:54:33:59:Infinity":23,"b:61:8:78:Infinity:undefined:undefined:undefined:undefined":4,"s:61:8:78:Infinity":24,"b:61:12:61:22:61:22:61:38":5,"s:62:37:66:Infinity":25,"b:68:10:77:Infinity:undefined:undefined:undefined:undefined":6,"s:68:10:77:Infinity":26,"b:68:14:68:26:68:26:68:48":7,"s:69:12:74:Infinity":27,"s:75:12:75:Infinity":28,"s:76:12:76:Infinity":29,"s:80:8:80:Infinity":30,"s:82:8:82:Infinity":31,"s:84:8:84:Infinity":32,"s:88:4:88:Infinity":33,"s:91:2:91:Infinity":34}}}
,"C:\\Users\\devver\\Downloads\\yntra_plattform\\src\\hooks\\queries\\useMessages.ts": {"path":"C:\\Users\\devver\\Downloads\\yntra_plattform\\src\\hooks\\queries\\useMessages.ts","statementMap":{"0":{"start":{"line":13,"column":27},"end":{"line":26,"column":null}},"1":{"start":{"line":17,"column":19},"end":{"line":17,"column":null}},"2":{"start":{"line":20,"column":2},"end":{"line":25,"column":null}},"3":{"start":{"line":22,"column":19},"end":{"line":22,"column":null}},"4":{"start":{"line":28,"column":36},"end":{"line":87,"column":null}},"5":{"start":{"line":35,"column":8},"end":{"line":35,"column":null}},"6":{"start":{"line":36,"column":29},"end":{"line":36,"column":null}},"7":{"start":{"line":37,"column":77},"end":{"line":37,"column":null}},"8":{"start":{"line":39,"column":19},"end":{"line":39,"column":null}},"9":{"start":{"line":41,"column":2},"end":{"line":77,"column":null}},"10":{"start":{"line":42,"column":4},"end":{"line":76,"column":null}},"11":{"start":{"line":43,"column":23},"end":{"line":43,"column":null}},"12":{"start":{"line":45,"column":23},"end":{"line":45,"column":null}},"13":{"start":{"line":46,"column":21},"end":{"line":46,"column":null}},"14":{"start":{"line":47,"column":6},"end":{"line":56,"column":null}},"15":{"start":{"line":50,"column":10},"end":{"line":55,"column":null}},"16":{"start":{"line":58,"column":6},"end":{"line":75,"column":null}},"17":{"start":{"line":59,"column":25},"end":{"line":59,"column":null}},"18":{"start":{"line":60,"column":23},"end":{"line":60,"column":null}},"19":{"start":{"line":61,"column":8},"end":{"line":74,"column":null}},"20":{"start":{"line":68,"column":12},"end":{"line":73,"column":null}},"21":{"start":{"line":80,"column":2},"end":{"line":86,"column":null}},"22":{"start":{"line":82,"column":19},"end":{"line":82,"column":null}},"23":{"start":{"line":89,"column":36},"end":{"line":112,"column":null}},"24":{"start":{"line":90,"column":8},"end":{"line":90,"column":null}},"25":{"start":{"line":91,"column":12},"end":{"line":91,"column":null}},"26":{"start":{"line":92,"column":19},"end":{"line":92,"column":null}},"27":{"start":{"line":94,"column":2},"end":{"line":111,"column":null}},"28":{"start":{"line":95,"column":39},"end":{"line":95,"column":null}},"29":{"start":{"line":97,"column":6},"end":{"line":97,"column":null}},"30":{"start":{"line":98,"column":27},"end":{"line":98,"column":null}},"31":{"start":{"line":99,"column":6},"end":{"line":101,"column":null}},"32":{"start":{"line":100,"column":8},"end":{"line":100,"column":null}},"33":{"start":{"line":100,"column":25},"end":{"line":100,"column":74}},"34":{"start":{"line":102,"column":6},"end":{"line":102,"column":null}},"35":{"start":{"line":105,"column":6},"end":{"line":105,"column":null}},"36":{"start":{"line":106,"column":6},"end":{"line":106,"column":null}},"37":{"start":{"line":109,"column":6},"end":{"line":109,"column":null}},"38":{"start":{"line":114,"column":30},"end":{"line":146,"column":null}},"39":{"start":{"line":115,"column":8},"end":{"line":115,"column":null}},"40":{"start":{"line":116,"column":12},"end":{"line":116,"column":null}},"41":{"start":{"line":117,"column":19},"end":{"line":117,"column":null}},"42":{"start":{"line":119,"column":2},"end":{"line":145,"column":null}},"43":{"start":{"line":120,"column":49},"end":{"line":120,"column":null}},"44":{"start":{"line":122,"column":6},"end":{"line":122,"column":null}},"45":{"start":{"line":123,"column":27},"end":{"line":123,"column":null}},"46":{"start":{"line":124,"column":34},"end":{"line":134,"column":null}},"47":{"start":{"line":135,"column":6},"end":{"line":135,"column":null}},"48":{"start":{"line":135,"column":61},"end":{"line":135,"column":89}},"49":{"start":{"line":136,"column":6},"end":{"line":136,"column":null}},"50":{"start":{"line":139,"column":6},"end":{"line":139,"column":null}},"51":{"start":{"line":140,"column":6},"end":{"line":140,"column":null}},"52":{"start":{"line":143,"column":6},"end":{"line":143,"column":null}},"53":{"start":{"line":148,"column":33},"end":{"line":171,"column":null}},"54":{"start":{"line":149,"column":8},"end":{"line":149,"column":null}},"55":{"start":{"line":150,"column":12},"end":{"line":150,"column":null}},"56":{"start":{"line":151,"column":19},"end":{"line":151,"column":null}},"57":{"start":{"line":153,"column":2},"end":{"line":170,"column":null}},"58":{"start":{"line":154,"column":42},"end":{"line":154,"column":null}},"59":{"start":{"line":156,"column":6},"end":{"line":156,"column":null}},"60":{"start":{"line":157,"column":27},"end":{"line":157,"column":null}},"61":{"start":{"line":158,"column":6},"end":{"line":160,"column":null}},"62":{"start":{"line":159,"column":8},"end":{"line":159,"column":null}},"63":{"start":{"line":159,"column":27},"end":{"line":159,"column":53}},"64":{"start":{"line":161,"column":6},"end":{"line":161,"column":null}},"65":{"start":{"line":164,"column":6},"end":{"line":164,"column":null}},"66":{"start":{"line":165,"column":6},"end":{"line":165,"column":null}},"67"
[...]
"locations":[{"start":{"line":75,"column":27},"end":{"line":75,"column":36}},{"start":{"line":75,"column":36},"end":{"line":75,"column":40}}],"line":75},"8":{"loc":{"start":{"line":81,"column":24},"end":{"line":81,"column":null}},"type":"cond-expr","locations":[{"start":{"line":81,"column":52},"end":{"line":81,"column":74}},{"start":{"line":81,"column":74},"end":{"line":81,"column":null}}],"line":81},"9":{"loc":{"start":{"line":86,"column":23},"end":{"line":86,"column":null}},"type":"cond-expr","locations":[{"start":{"line":86,"column":33},"end":{"line":86,"column":63}},{"start":{"line":86,"column":63},"end":{"line":86,"column":null}}],"line":86},"10":{"loc":{"start":{"line":87,"column":22},"end":{"line":87,"column":null}},"type":"binary-expr","locations":[{"start":{"line":87,"column":22},"end":{"line":87,"column":50}},{"start":{"line":87,"column":50},"end":{"line":87,"column":null}}],"line":87},"11":{"loc":{"start":{"line":102,"column":4},"end":{"line":102,"column":null}},"type":"if","locations":[{"start":{"line":102,"column":4},"end":{"line":102,"column":null}},{"start":{},"end":{}}],"line":102},"12":{"loc":{"start":{"line":103,"column":12},"end":{"line":103,"column":null}},"type":"binary-expr","locations":[{"start":{"line":103,"column":12},"end":{"line":103,"column":20}},{"start":{"line":103,"column":20},"end":{"line":103,"column":null}}],"line":103},"13":{"loc":{"start":{"line":116,"column":4},"end":{"line":116,"column":null}},"type":"if","locations":[{"start":{"line":116,"column":4},"end":{"line":116,"column":null}},{"start":{},"end":{}}],"line":116},"14":{"loc":{"start":{"line":129,"column":4},"end":{"line":129,"column":null}},"type":"if","locations":[{"start":{"line":129,"column":4},"end":{"line":129,"column":null}},{"start":{},"end":{}}],"line":129},"15":{"loc":{"start":{"line":135,"column":4},"end":{"line":135,"column":null}},"type":"if","locations":[{"start":{"line":135,"column":4},"end":{"line":135,"column":null}},{"start":{},"end":{}}],"line":135},"16":{"loc":{"start":{"line":145,"column":4},"end":{"line":145,"column":null}},"type":"if","locations":[{"start":{"line":145,"column":4},"end":{"line":145,"column":null}},{"start":{},"end":{}}],"line":145}},"s":{"0":1,"1":4,"2":0,"3":0,"4":0,"5":0,"6":0,"7":0,"8":0,"9":0,"10":0,"11":0,"12":0,"13":0,"14":0,"15":0,"16":0,"17":0,"18":0,"19":0,"20":0,"21":0,"22":0,"23":0,"24":0,"25":0,"26":0,"27":0,"28":0,"29":0,"30":0,"31":0,"32":0,"33":0,"34":0,"35":0,"36":0,"37":0,"38":0,"39":0,"40":0},"f":{"0":4,"1":0,"2":0,"3":0,"4":0,"5":0,"6":0,"7":0,"8":0,"9":0,"10":0},"b":{"0":[0,0],"1":[0,0],"2":[0,0],"3":[0,0],"4":[0,0],"5":[0,0],"6":[0,0],"7":[0,0],"8":[0,0],"9":[0,0],"10":[0,0],"11":[0,0],"12":[0,0],"13":[0,0],"14":[0,0],"15":[0,0],"16":[0,0]},"meta":{"lastBranch":17,"lastFunction":11,"lastStatement":41,"seen":{"s:31:27:147:Infinity":0,"f:35:8:35:26":0,"s:36:28:46:Infinity":1,"b:48:4:48:Infinity:undefined:undefined:undefined:undefined":0,"s:48:4:48:Infinity":2,"s:48:15:48:Infinity":3,"s:49:4:49:Infinity":4,"b:49:11:49:19:49:19:49:Infinity":1,"f:52:8:52:21":1,"s:53:16:53:Infinity":5,"b:55:4:57:Infinity:undefined:undefined:undefined:undefined":2,"s:55:4:57:Infinity":6,"s:56:6:56:Infinity":7,"s:59:47:59:Infinity":8,"b:61:4:61:Infinity:undefined:undefined:undefined:undefined":3,"s:61:4:61:Infinity":9,"s:61:20:61:Infinity":10,"b:62:4:62:Infinity:undefined:undefined:undefined:undefined":4,"s:62:4:62:Infinity":11,"b:62:8:62:18:62:18:62:38":5,"s:62:38:62:Infinity":12,"s:64:20:64:Infinity":13,"f:64:30:64:31":2,"s:64:40:64:47":14,"s:65:47:69:Infinity":15,"b:71:4:71:Infinity:undefined:undefined:undefined:undefined":6,"s:71:4:71:Infinity":16,"s:71:20:71:Infinity":17,"s:73:4:90:Infinity":18,"f:74:11:74:12":3,"s:75:14:75:Infinity":19,"b:75:27:75:36:75:36:75:40":7,"f:75:47:75:48":4,"s:75:57:75:81":20,"s:76:27:76:Infinity":21,"s:81:24:81:Infinity":22,"b:81:52:81:74:81:74:81:Infinity":8,"s:83:8:88:Infinity":23,"b:86:33:86:63:86:63:86:Infinity":9,"b:87:22:87:50:87:50:87:Infinity":10,"f:90:12:90:13":5,"s:90:22:90:64":24,"f:93:8:93:21":6,"s:94:28:100:Infinity":25,"b:102:4:102:Infinity:undefined:undefined:undefined:undefined":11,"s:102:4:102:Infinity":26,"s:102:15:102:Infinity":27,"s:103:4:103:Infinity":28,"b:103:12:103:20:103:20:103:Infinity":12,"f:106:8:106:19":7,"s:114:22:114:Infinity":29,"b:116:4:116:Infinity:undefined:undefined:undefined:undefined":13,"s:116:4:116:Infinity":30,"s:116:15:116:Infinity":31,"f:119:8:119:Infinity":8,"s:127:22:127:Infinity":32,"b:129:4:129:Infinity:undefined:undefined:undefined:undefined":14,"s:129:4:129:Infinity":33,"s:129:15:129:Infinity":34,"f:132:8:132:19":9,"s:133:22:133:Infinity":35,"b:135:4:135:Infinity:undefined:undefined:undefined:undefined":15,"s:135:4:135:Infinity":36,"s:135:15:135:Infinity":37,"f:138:8:138:26":10,"s:139:22:143:Infinity":38,"b:145:4:145:Infinity:undefined:undefined:undefined:undefined":16,"s:145:4:145:Infinity":39,"s:145:15:145:Infinity":40}}}
,"C:\\Users\\devver\\Downloads\\yntra_plattform\\src\\services\\teamService.ts": {"path":"C:\\Users\\devver\\Downloads\\yntra_plattform\\src\\services\\teamService.ts","statementMap":{"0":{"start":{"line":3,"column":27},"end":{"line":23,"column":null}},"1":{"start":{"line":8,"column":28},"end":{"line":8,"column":null}},"2":{"start":{"line":10,"column":4},"end":{"line":10,"column":null}},"3":{"start":{"line":10,"column":15},"end":{"line":10,"column":null}},"4":{"start":{"line":11,"column":4},"end":{"line":11,"column":null}},"5":{"start":{"line":18,"column":28},"end":{"line":18,"column":null}},"6":{"start":{"line":20,"column":4},"end":{"line":20,"column":null}},"7":{"start":{"line":20,"column":15},"end":{"line":20,"column":null}},"8":{"start":{"line":21,"column":4},"end":{"line":21,"column":null}}},"fnMap":{"0":{"name":"(anonymous_0)","decl":{"start":{"line":7,"column":8},"end":{"line":7,"column":26}},"loc":{"start":{"line":7,"column":47},"end":{"line":12,"column":null}},"line":7},"1":{"name":"(anonymous_1)","decl":{"start":{"line":17,"column":8},"end":{"line":17,"column":23}},"loc":{"start":{"line":17,"column":39},"end":{"line":22,"column":null}},"line":17}},"branchMap":{"0":{"loc":{"start":{"line":10,"column":4},"end":{"line":10,"column":null}},"type":"if","locations":[{"start":{"line":10,"column":4},"end":{"line":10,"column":null}},{"start":{},"end":{}}],"line":10},"1":{"loc":{"start":{"line":11,"column":11},"end":{"line":11,"column":null}},"type":"binary-expr","locations":[{"start":{"line":11,"column":11},"end":{"line":11,"column":19}},{"start":{"line":11,"column":19},"end":{"line":11,"column":null}}],"line":11},"2":{"loc":{"start":{"line":20,"column":4},"end":{"line":20,"column":null}},"type":"if","locations":[{"start":{"line":20,"column":4},"end":{"line":20,"column":null}},{"start":{},"end":{}}],"line":20}},"s":{"0":1,"1":1,"2":1,"3":0,"4":1,"5":0,"6":0,"7":0,"8":0},"f":{"0":1,"1":0},"b":{"0":[0,1],"1":[1,0],"2":[0,0]},"meta":{"lastBranch":3,"lastFunction":2,"lastStatement":9,"seen":{"s:3:27:23:Infinity":0,"f:7:8:7:26":0,"s:8:28:8:Infinity":1,"b:10:4:10:Infinity:undefined:undefined:undefined:undefined":0,"s:10:4:10:Infinity":2,"s:10:15:10:Infinity":3,"s:11:4:11:Infinity":4,"b:11:11:11:19:11:19:11:Infinity":1,"f:17:8:17:23":1,"s:18:28:18:Infinity":5,"b:20:4:20:Infinity:undefined:undefined:undefined:undefined":2,"s:20:4:20:Infinity":6,"s:20:15:20:Infinity":7,"s:21:4:21:Infinity":8}}}
,"C:\\Users\\devver\\Downloads\\yntra_plattform\\src\\services\\userService.ts": {"path":"C:\\Users\\devver\\Downloads\\yntra_plattform\\src\\services\\userService.ts","statementMap":{"0":{"start":{"line":4,"column":27},"end":{"line":75,"column":null}},"1":{"start":{"line":9,"column":28},"end":{"line":9,"column":null}},"2":{"start":{"line":11,"column":4},"end":{"line":11,"column":null}},"3":{"start":{"line":11,"column":15},"end":{"line":11,"column":null}},"4":{"start":{"line":12,"column":4},"end":{"line":12,"column":null}},"5":{"start":{"line":19,"column":28},"end":{"line":23,"column":null}},"6":{"start":{"line":25,"column":4},"end":{"line":25,"column":null}},"7":{"start":{"line":25,"column":15},"end":{"line":25,"column":null}},"8":{"start":{"line":26,"column":4},"end":{"line":26,"column":null}},"9":{"start":{"line":33,"column":28},"end":{"line":33,"column":null}},"10":{"start":{"line":35,"column":4},"end":{"line":35,"column":null}},"11":{"start":{"line":35,"column":15},"end":{"line":35,"column":null}},"12":{"start":{"line":36,"column":4},"end":{"line":36,"column":null}},"13":{"start":{"line":43,"column":28},"end":{"line":47,"column":null}},"14":{"start":{"line":49,"column":4},"end":{"line":49,"column":null}},"15":{"start":{"line":49,"column":15},"end":{"line":49,"column":null}},"16":{"start":{"line":50,"column":4},"end":{"line":50,"column":null}},"17":{"start":{"line":57,"column":28},"end":{"line":61,"column":null}},"18":{"start":{"line":63,"column":4},"end":{"line":63,"column":null}},"19":{"start":{"line":63,"column":15},"end":{"line":63,"column":null}},"20":{"start":{"line":64,"column":4},"end":{"line":64,"column":null}},"21":{"start":{"line":71,"column":22},"end":{"line":71,"column":null}},"22":{"start":{"line":73,"column":4},"end":{"line":73,"column":null}},"23":{"start":{"line":73,"column":15},"end":{"line":73,"column":null}}},"fnMap":{"0":{"name":"(anonymous_0)","decl":{"start":{"line":8,"column":8},"end":{"line":8,"column":26}},"loc":{"start":{"line":8,"column":47},"end":{"line":13,"column":null}},"line":8},"1":{"name":"(anonymous_1)","decl":{"start":{"line":18,"column":8},"end":{"line":18,"column":27}},"loc":{"start":{"line":18,"column":48},"end":{"line":27,"column":null}},"line":18},"2":{"name":"(anonymous_2)","decl":{"start":{"line":32,"column":8},"end":{"line":32,"column":23}},"loc":{"start":{"line":32,"column":39},"end":{"line":37,"column":null}},"line":32},"3":{"name":"(anonymous_3)","decl":{"start":{"line":42,"column":8},"end":{"line":42,"column":27}},"loc":{"start":{"line":42,"column":43},"end":{"line":51,"column":null}},"line":42},"4":{"name":"(anonymous_4)","decl":{"start":{"line":56,"column":8},"end":{"line":56,"column":27}},"loc":{"start":{"line":56,"column":76},"end":{"line":65,"column":null}},"line":56},"5":{"name":"(anonymous_5)","decl":{"start":{"line":70,"column":8},"end":{"line":70,"column":30}},"loc":{"start":{"line":70,"column":85},"end":{"line":74,"column":null}},"line":70}},"branchMap":{"0":{"loc":{"start":{"line":11,"column":4},"end":{"line":11,"column":null}},"type":"if","locations":[{"start":{"line":11,"column":4},"end":{"line":11,"column":null}},{"start":{},"end":{}}],"line":11},"1":{"loc":{"start":{"line":12,"column":11},"end":{"line":12,"column":null}},"type":"binary-expr","locations":[{"start":{"line":12,"column":11},"end":{"line":12,"column":19}},{"start":{"line":12,"column":19},"end":{"line":12,"column":null}}],"line":12},"2":{"loc":{"start":{"line":25,"column":4},"end":{"line":25,"column":null}},"type":"if","locations":[{"start":{"line":25,"column":4},"end":{"line":25,"column":null}},{"start":{},"end":{}}],"line":25},"3":{"loc":{"start":{"line":26,"column":11},"end":{"line":26,"column":null}},"type":"binary-expr","locations":[{"start":{"line":26,"column":11},"end":{"line":26,"column":19}},{"start":{"line":26,"column":19},"end":{"line":26,"column":null}}],"line":26},"4":{"loc":{"start":{"line":35,"column":4},"end":{"line":35,"column":null}},"type":"if","locations":[{"start":{"line":35,"column":4},"end":{"line":35,"column":null}},{"start":{},"end":{}}],"line":35},"5":{"loc":{"start":{"line":49,"column":4},"end":{"line":49,"column":null}},"type":"if","locations":[{"start":{"line":49,"column":4},"end":{"line":49,"column":null}},{"start":{},"end":{}}],"line":49},"6":{"loc":{"start":{"line":50,"column":11},"end":{"line":50,"column":null}},"type":"binary-expr","locations":[{"start":{"line":50,"column":11},"end":{"line":50,"column":33}},{"start":{"line":50,"column":33},"end":{"line":50,"column":null}}],"line":50},"7":{"loc":{"start":{"line":63,"column":4},"end":{"line":63,"column":null}},"type":"if","locations":[{"start":{"line":63,"column":4},"end":{"line":63,"column":null}},{"start":{},"end":{}}],"line":63},"8":{"loc":{"start":{"line":64,"column":12},"end":{"line":64,"column":null}},"type":"binary-expr","locations":[{"start":{"line":64,"column":12},"end":{"line":64,"column":64}},{"start":{"line":64,"column":64},"end":{"line":64,"column":null}}],"line":64},"9":{"loc":{"start":{"line":73,"column":4},"end":{"line":73,"column":null}},"type":"if","locations":[{"start":{"line":73,"column":4},"end":{"line":73,"column":null}},{"start":{},"end":{}}],"line":73}},"s":{"0":1,"1":1,"2":1,"3":0,"4":1,"5":0,"6":0,"7":0,"8":0,"9":0,"10":0,"11":0,"12":0,"13":0,"14":0,"15":0,"16":0,"17":0,"18":0,"19":0,"20":0,"21":0,"22":0,"23":0},"f":{"0":1,"1":0,"2":0,"3":0,"4":0,"5":0},"b":{"0":[0,1],"1":[1,0],"2":[0,0],"3":[0,0],"4":[0,0],"5":[0,0],"6":[0,0],"7":[0,0],"8":[0,0],"9":[0,0]},"meta":{"lastBranch":10,"lastFunction":6,"lastStatement":24,"seen":{"s:4:27:75:Infinity":0,"f:8:8:8:26":0,"s:9:28:9:Infinity":1,"b:11:4:11:Infinity:undefined:undefined:undefined:undefined":0,"s:11:4:11:Infinity":2,"s:11:15:11:Infinity":3,"s:12:4:12:Infinity":4,"b:12:11:12:19:12:19:12:Infinity":1,"f:18:8:18:27":1,"s:19:28:23:Infinity":5,"b:25:4:25:Infinity:undefined:undefined:undefined:undefined":2,"s:25:4:25:Infinity":6,"s:25:15:25:Infinity":7,"s:26:4:26:Infinity":8,"b:26:11:26:19:26:19:26:Infinity":3,"f:32:8:32:23":2,"s:33:28:33:Infinity":9,"b:35:4:35:Infinity:undefined:undefined:undefined:undefined":4,"s:35:4:35:Infinity":10,"s:35:15:35:Infinity":11,"s:36:4:36:Infinity":12,"f:42:8:42:27":3,"s:43:28:47:Infinity":13,"b:49:4:49:Infinity:undefined:undefined:undefined:undefined":5,"s:49:4:49:Infinity":14,"s:49:15:49:Infinity":15,"s:50:4:50:Infinity":16,"b:50:11:50:33:50:33:50:Infinity":6,"f:56:8:56:27":4,"s:57:28:61:Infinity":17,"b:63:4:63:Infinity:undefined:undefined:undefined:undefined":7,"s:63:4:63:Infinity":18,"s:63:15:63:Infinity":19,"s:64:4:64:Infinity":20,"b:64:12:64:64:64:64:64:Infinity":8,"f:70:8:70:30":5,"s:71:22:71:Infinity":21,"b:73:4:73:Infinity:undefined:undefined:undefined:undefined":9,"s:73:4:73:Infinity":22,"s:73:15:73:Infinity":23}}}
,"C:\\Users\\devver\\Downloads\\yntra_plattform\\src\\services\\workspaceService.ts": {"path":"C:\\Users\\devver\\Downloads\\yntra_plattform\\src\\services\\workspaceService.ts","statementMap":{"0":{"start":{"line":4,"column":32},"end":{"line":82,"column":null}},"1":{"start":{"line":9,"column":28},"end":{"line":13,"column":null}},"2":{"start":{"line":15,"column":4},"end":{"line":15,"column":null}},"3":{"start":{"line":15,"column":15},"end":{"line":15,"column":null}},"4":{"start":{"line":16,"column":4},"end":{"line":16,"column":null}},"5":{"start":{"line":23,"column":4},"end":{"line":23,"column":null}},"6":{"start":{"line":24,"column":28},"end":{"line":28,"column":null}},"7":{"start":{"line":30,"column":4},"end":{"line":33,"column":null}},"8":{"start":{"line":31,"column":6},"end":{"line":31,"column":null}},"9":{"start":{"line":32,"column":6},"end":{"line":32,"column":null}},"10":{"start":{"line":34,"column":4},"end":{"line":34,"column":null}},"11":{"start":{"line":41,"column":22},"end":{"line":44,"column":null}},"12":{"start":{"line":46,"column":4},"end":{"line":46,"column":null}},"13":{"start":{"line":46,"column":15},"end":{"line":46,"column":null}},"14":{"start":{"line":53,"column":22},"end":{"line":56,"column":null}},"15":{"start":{"line":58,"column":4},"end":{"line":58,"column":null}},"16":{"start":{"line":58,"column":15},"end":{"line":58,"column":null}},"17":{"start":{"line":68,"column":22},"end":{"line":68,"column":null}},"18":{"start":{"line":70,"column":4},"end":{"line":70,"column":null}},"19":{"start":{"line":70,"column":15},"end":{"line":70,"column":null}},"20":{"start":{"line":77,"column":28},"end":{"line":77,"column":null}},"21":{"start":{"line":79,"column":4},"end":{"line":79,"column":null}},"22":{"start":{"line":79,"column":15},"end":{"line":79,"column":null}},"23":{"start":{"line":80,"column":4},"end":{"line":80,"column":null}}},"fnMap":{"0":{"name":"(anonymous_0)","decl":{"start":{"line":8,"column":8},"end":{"line":8,"column":21}},"loc":{"start":{"line":8,"column":42},"end":{"line":17,"column":null}},"line":8},"1":{"name":"(anonymous_1)","decl":{"start":{"line":22,"column":8},"end":{"line":22,"column":23}},"loc":{"start":{"line":22,"column":82},"end":{"line":35,"column":null}},"line":22},"2":{"name":"(anonymous_2)","decl":{"start":{"line":40,"column":8},"end":{"line":40,"column":22}},"loc":{"start":{"line":40,"column":86},"end":{"line":47,"column":null}},"line":40},"3":{"name":"(anonymous_3)","decl":{"start":{"line":52,"column":8},"end":{"line":52,"column":28}},"loc":{"start":{"line":52,"column":86},"end":{"line":59,"column":null}},"line":52},"4":{"name":"(anonymous_4)","decl":{"start":{"line":64,"column":8},"end":{"line":64,"column":null}},"loc":{"start":{"line":67,"column":4},"end":{"line":71,"column":null}},"line":67},"5":{"name":"(anonymous_5)","decl":{"start":{"line":76,"column":8},"end":{"line":76,"column":28}},"loc":{"start":{"line":76,"column":28},"end":{"line":81,"column":null}},"line":76}},"branchMap":{"0":{"loc":{"start":{"line":15,"column":4},"end":{"line":15,"column":null}},"type":"if","locations":[{"start":{"line":15,"column":4},"end":{"line":15,"column":null}},{"start":{},"end":{}}],"line":15},"1":{"loc":{"start":{"line":30,"column":4},"end":{"line":33,"column":null}},"type":"if","locations":[{"start":{"line":30,"column":4},"end":{"line":33,"column":null}},{"start":{},"end":{}}],"line":30},"2":{"loc":{"start":{"line":46,"column":4},"end":{"line":46,"column":null}},"type":"if","locations":[{"start":{"line":46,"column":4},"end":{"line":46,"column":null}},{"start":{},"end":{}}],"line":46},"3":{"loc":{"start":{"line":58,"column":4},"end":{"line":58,"column":null}},"type":"if","locations":[{"start":{"line":58,"column":4},"end":{"line":58,"column":null}},{"start":{},"end":{}}],"line":58},"4":{"loc":{"start":{"line":70,"column":4},"end":{"line":70,"column":null}},"type":"if","locations":[{"start":{"line":70,"column":4},"end":{"line":70,"column":null}},{"start":{},"end":{}}],"line":70},"5":{"loc":{"start":{"line":79,"column":4},"end":{"line":79,"column":null}},"type":"if","locations":[{"start":{"line":79,"column":4},"end":{"line":79,"column":null}},{"start":{},"end":{}}],"line":79},"6":{"loc":{"start":{"line":80,"column":11},"end":{"line":80,"column":null}},"type":"binary-expr","locations":[{"start":{"line":80,"column":11},"end":{"line":80,"column":23}},{"start":{"line":80,"column":23},"end":{"line":80,"column":null}}],"line":80}},"s":{"0":1,"1":0,"2":0,"3":0,"4":0,"5":0,"6":0,"7":0,"8":0,"9":0,"10":0,"11":0,"12":0,"13":0,"14":0,"15":0,"16":0,"17":0,"18":0,"19":0,"20":0,"21":0,"22":0,"23":0},"f":{"0":0,"1":0,"2":0,"3":0,"4":0,"5":0},"b":{"0":[0,0],"1":[0,0],"2":[0,0],"3":[0,0],"4":[0,0],"5":[0,0],"6":[0,0]},"meta":{"lastBranch":7,"lastFunction":6,"lastStatement":24,"seen":{"s:4:32:82:Infinity":0,"f:8:8:8:21":0,"s:9:28:13:Infinity":1,"b:15:4:15:Infinity:undefined:undefined:undefined:undefined":0,"s:15:4:15:Infinity":2,"s:15:15:15:Infinity":3,"s:16:4:16:Infinity":4,"f:22:8:22:23":1,"s:23:4:23:Infinity":5,"s:24:28:28:Infinity":6,"b:30:4:33:Infinity:undefined:undefined:undefined:undefined":1,"s:30:4:33:Infinity":7,"s:31:6:31:Infinity":8,"s:32:6:32:Infinity":9,"s:34:4:34:Infinity":10,"f:40:8:40:22":2,"s:41:22:44:Infinity":11,"b:46:4:46:Infinity:undefined:undefined:undefined:undefined":2,"s:46:4:46:Infinity":12,"s:46:15:46:Infinity":13,"f:52:8:52:28":3,"s:53:22:56:Infinity":14,"b:58:4:58:Infinity:undefined:undefined:undefined:undefined":3,"s:58:4:58:Infinity":15,"s:58:15:58:Infinity":16,"f:64:8:64:Infinity":4,"s:68:22:68:Infinity":17,"b:70:4:70:Infinity:undefined:undefined:undefined:undefined":4,"s:70:4:70:Infinity":18,"s:70:15:70:Infinity":19,"f:76:8:76:28":5,"s:77:28:77:Infinity":20,"b:79:4:79:Infinity:undefined:undefined:undefined:undefined":5,"s:79:4:79:Infinity":21,"s:79:15:79:Infinity":22,"s:80:4:80:Infinity":23,"b:80:11:80:23:80:23:80:Infinity":6}}}
}
